This file contains any messages produced by compilers while
running configure, to aid debugging if configure makes a mistake.

It was created by univalue configure 1.0.4, which was
generated by GNU Autoconf 2.71.  Invocation command line was

  $ ./configure --disable-option-checking --prefix=/ --disable-shared --with-pic --with-bignum=no --enable-module-recovery --cache-file=/dev/null --srcdir=.

## --------- ##
## Platform. ##
## --------- ##

hostname = hieusats
uname -m = x86_64
uname -r = 6.8.0-49-generic
uname -s = Linux
uname -v = #49~22.04.1-Ubuntu SMP PREEMPT_DYNAMIC Wed Nov  6 17:42:15 UTC 2

/usr/bin/uname -p = x86_64
/bin/uname -X     = unknown

/bin/arch              = x86_64
/usr/bin/arch -k       = unknown
/usr/convex/getsysinfo = unknown
/usr/bin/hostinfo      = unknown
/bin/machine           = unknown
/usr/bin/oslevel       = unknown
/bin/universe          = unknown

PATH: /home/hieusats/crypto/linkcoin/linkcoin/depends/x86_64-w64-mingw32/share/../native/bin/
PATH: /home/hieusats/.nvm/versions/node/v22.11.0/bin/
PATH: /usr/local/sbin/
PATH: /usr/local/bin/
PATH: /usr/sbin/
PATH: /usr/bin/
PATH: /sbin/
PATH: /bin/
PATH: /usr/games/
PATH: /usr/local/games/
PATH: /snap/bin/
PATH: /snap/bin/


## ----------- ##
## Core tests. ##
## ----------- ##

configure:2139: loading site script /home/hieusats/crypto/linkcoin/linkcoin/depends/x86_64-w64-mingw32/share/config.site
| depends_prefix="`dirname ${ac_site_file}`/.."
| 
| cross_compiling=maybe
| host_alias=x86_64-w64-mingw32
| ac_tool_prefix=${host_alias}-
| 
| if test -z $with_boost; then
|   with_boost=$depends_prefix
| fi
| if test -z $with_qt_plugindir; then
|   with_qt_plugindir=$depends_prefix/plugins
| fi
| if test -z $with_qt_translationdir; then
|   with_qt_translationdir=$depends_prefix/translations
| fi
| if test -z $with_qt_bindir; then
|   with_qt_bindir=$depends_prefix/native/bin
| fi
| if test -z $with_protoc_bindir; then
|   with_protoc_bindir=$depends_prefix/native/bin
| fi
| 
| 
| if test -z $enable_wallet && test -n ""; then
|   enable_wallet=no
| fi
| 
| if test -z $with_miniupnpc && test -n ""; then
|   with_miniupnpc=no
| fi
| 
| if test -z $with_gui && test -n ""; then
|   with_gui=no
| fi
| 
| if test xmingw32 = xdarwin; then
|   BREW=no
|   PORT=no
| fi
| 
| if test xmingw32 = xmingw32; then
|   if test -z $with_qt_incdir; then
|     with_qt_incdir=$depends_prefix/include
|   fi
|   if test -z $with_qt_libdir; then
|     with_qt_libdir=$depends_prefix/lib
|   fi
| fi
| 
| PATH=$depends_prefix/native/bin:$PATH
| PKG_CONFIG="`which pkg-config` --static"
| 
| # These two need to remain exported because pkg-config does not see them
| # otherwise. That means they must be unexported at the end of configure.ac to
| # avoid ruining the cache. Sigh.
| 
| export PKG_CONFIG_LIBDIR=$depends_prefix/lib/pkgconfig
| export PKG_CONFIG_PATH=$depends_prefix/share/pkgconfig
| 
| CPPFLAGS="-I$depends_prefix/include/ $CPPFLAGS"
| LDFLAGS="-L$depends_prefix/lib $LDFLAGS"
| 
| CC="x86_64-w64-mingw32-gcc"
| CXX="x86_64-w64-mingw32-g++"
| OBJC="${CC}"
| CCACHE=$depends_prefix/native/bin/ccache
| PYTHONPATH=$depends_prefix/native/lib/python/dist-packages:$PYTHONPATH
| 
| if test -n "x86_64-w64-mingw32-ar"; then
|   AR=x86_64-w64-mingw32-ar
|   ac_cv_path_ac_pt_AR=${AR}
| fi
| 
| if test -n "x86_64-w64-mingw32-ranlib"; then
|   RANLIB=x86_64-w64-mingw32-ranlib
|   ac_cv_path_ac_pt_RANLIB=${RANLIB}
| fi
| 
| if test -n "x86_64-w64-mingw32-nm"; then
|   NM=x86_64-w64-mingw32-nm
|   ac_cv_path_ac_pt_NM=${NM}
| fi
| 
| if test -n ""; then
|   enable_reduce_exports=no
| fi
| 
| if test -n "-pipe -O2"; then
|   CFLAGS="-pipe -O2 $CFLAGS"
| fi
| if test -n "-pipe -O2"; then
|   CXXFLAGS="-pipe -O2 $CXXFLAGS"
| fi
| if test -n ""; then
|   CPPFLAGS=" $CPPFLAGS"
| fi
| if test -n ""; then
|   LDFLAGS=" $LDFLAGS"
| fi
configure:2714: looking for aux files: compile config.guess config.sub ltmain.sh missing install-sh
configure:2727:  trying ./build-aux/
configure:2756:   ./build-aux/compile found
configure:2756:   ./build-aux/config.guess found
configure:2756:   ./build-aux/config.sub found
configure:2756:   ./build-aux/ltmain.sh found
configure:2756:   ./build-aux/missing found
configure:2738:   ./build-aux/install-sh found
configure:2880: checking whether make supports nested variables
configure:2898: result: yes
configure:2934: checking for a BSD-compatible install
configure:3007: result: /usr/bin/install -c
configure:3018: checking whether build environment is sane
configure:3073: result: yes
configure:3129: checking for x86_64-w64-mingw32-strip
configure:3150: found /usr/bin/x86_64-w64-mingw32-strip
configure:3161: result: x86_64-w64-mingw32-strip
configure:3232: checking for a race-free mkdir -p
configure:3276: result: /usr/bin/mkdir -p
configure:3283: checking for gawk
configure:3318: result: no
configure:3283: checking for mawk
configure:3304: found /usr/bin/mawk
configure:3315: result: mawk
configure:3326: checking whether make sets $(MAKE)
configure:3349: result: yes
configure:3540: checking build system type
configure:3555: result: x86_64-pc-linux-gnu
configure:3575: checking host system type
configure:3589: result: x86_64-w64-mingw32
configure:3630: checking how to print strings
configure:3657: result: printf
configure:3691: checking whether make supports the include directive
configure:3706: make -f confmf.GNU && cat confinc.out
this is the am__doit target
configure:3709: $? = 0
configure:3728: result: yes (GNU style)
configure:3759: checking for x86_64-w64-mingw32-gcc
configure:3791: result: x86_64-w64-mingw32-gcc
configure:4189: checking for C compiler version
configure:4198: x86_64-w64-mingw32-gcc --version >&5
x86_64-w64-mingw32-gcc (GCC) 10-posix 20220113
Copyright (C) 2020 Free Software Foundation, Inc.
This is free software; see the source for copying conditions.  There is NO
warranty; not even for MERCHANTABILITY or FITNESS FOR A PARTICULAR PURPOSE.

configure:4209: $? = 0
configure:4198: x86_64-w64-mingw32-gcc -v >&5
Using built-in specs.
COLLECT_GCC=x86_64-w64-mingw32-gcc
COLLECT_LTO_WRAPPER=/usr/lib/gcc/x86_64-w64-mingw32/10-posix/lto-wrapper
Target: x86_64-w64-mingw32
Configured with: ../../src/configure --build=x86_64-linux-gnu --prefix=/usr --includedir='/usr/include' --mandir='/usr/share/man' --infodir='/usr/share/info' --sysconfdir=/etc --localstatedir=/var --disable-option-checking --disable-silent-rules --libdir='/usr/lib/x86_64-linux-gnu' --libexecdir='/usr/lib/x86_64-linux-gnu' --disable-maintainer-mode --disable-dependency-tracking --prefix=/usr --enable-shared --enable-static --disable-multilib --with-system-zlib --libexecdir=/usr/lib --without-included-gettext --libdir=/usr/lib --enable-libstdcxx-time=yes --with-tune=generic --with-headers --enable-version-specific-runtime-libs --enable-fully-dynamic-string --enable-libgomp --enable-languages=c,c++,fortran,objc,obj-c++,ada --enable-lto --enable-threads=posix --program-suffix=-posix --program-prefix=x86_64-w64-mingw32- --target=x86_64-w64-mingw32 --with-as=/usr/bin/x86_64-w64-mingw32-as --with-ld=/usr/bin/x86_64-w64-mingw32-ld --enable-libatomic --enable-libstdcxx-filesystem-ts=yes --enable-dependency-tracking SED=/bin/sed
Thread model: posix
Supported LTO compression algorithms: zlib
gcc version 10-posix 20220113 (GCC) 
configure:4209: $? = 0
configure:4198: x86_64-w64-mingw32-gcc -V >&5
x86_64-w64-mingw32-gcc: error: unrecognized command-line option '-V'
x86_64-w64-mingw32-gcc: fatal error: no input files
compilation terminated.
configure:4209: $? = 1
configure:4198: x86_64-w64-mingw32-gcc -qversion >&5
x86_64-w64-mingw32-gcc: error: unrecognized command-line option '-qversion'; did you mean '--version'?
x86_64-w64-mingw32-gcc: fatal error: no input files
compilation terminated.
configure:4209: $? = 1
configure:4198: x86_64-w64-mingw32-gcc -version >&5
x86_64-w64-mingw32-gcc: error: unrecognized command-line option '-version'
x86_64-w64-mingw32-gcc: fatal error: no input files
compilation terminated.
configure:4209: $? = 1
configure:4229: checking whether the C compiler works
configure:4251: x86_64-w64-mingw32-gcc -pipe -O2  -I/home/hieusats/crypto/linkcoin/linkcoin/depends/x86_64-w64-mingw32/share/../include/  -L/home/hieusats/crypto/linkcoin/linkcoin/depends/x86_64-w64-mingw32/share/../lib  conftest.c  >&5
configure:4255: $? = 0
configure:4305: result: yes
configure:4308: checking for C compiler default output file name
configure:4310: result: a.exe
configure:4316: checking for suffix of executables
configure:4323: x86_64-w64-mingw32-gcc -o conftest.exe -pipe -O2  -I/home/hieusats/crypto/linkcoin/linkcoin/depends/x86_64-w64-mingw32/share/../include/  -L/home/hieusats/crypto/linkcoin/linkcoin/depends/x86_64-w64-mingw32/share/../lib  conftest.c  >&5
configure:4327: $? = 0
configure:4350: result: .exe
configure:4372: checking whether we are cross compiling
configure:4380: x86_64-w64-mingw32-gcc -o conftest.exe -pipe -O2  -I/home/hieusats/crypto/linkcoin/linkcoin/depends/x86_64-w64-mingw32/share/../include/  -L/home/hieusats/crypto/linkcoin/linkcoin/depends/x86_64-w64-mingw32/share/../lib  conftest.c  >&5
configure:4384: $? = 0
configure:4391: ./conftest.exe
./configure: line 4393: ./conftest.exe: cannot execute binary file: Exec format error
configure:4395: $? = 126
configure:4410: result: yes
configure:4415: checking for suffix of object files
configure:4438: x86_64-w64-mingw32-gcc -c -pipe -O2  -I/home/hieusats/crypto/linkcoin/linkcoin/depends/x86_64-w64-mingw32/share/../include/  conftest.c >&5
configure:4442: $? = 0
configure:4464: result: o
configure:4468: checking whether the compiler supports GNU C
configure:4488: x86_64-w64-mingw32-gcc -c -pipe -O2  -I/home/hieusats/crypto/linkcoin/linkcoin/depends/x86_64-w64-mingw32/share/../include/  conftest.c >&5
configure:4488: $? = 0
configure:4498: result: yes
configure:4509: checking whether x86_64-w64-mingw32-gcc accepts -g
configure:4530: x86_64-w64-mingw32-gcc -c -g -I/home/hieusats/crypto/linkcoin/linkcoin/depends/x86_64-w64-mingw32/share/../include/  conftest.c >&5
configure:4530: $? = 0
configure:4574: result: yes
configure:4594: checking for x86_64-w64-mingw32-gcc option to enable C11 features
configure:4609: x86_64-w64-mingw32-gcc  -c -pipe -O2  -I/home/hieusats/crypto/linkcoin/linkcoin/depends/x86_64-w64-mingw32/share/../include/  conftest.c >&5
configure:4609: $? = 0
configure:4627: result: none needed
configure:4743: checking whether x86_64-w64-mingw32-gcc understands -c and -o together
configure:4766: x86_64-w64-mingw32-gcc -c conftest.c -o conftest2.o
configure:4769: $? = 0
configure:4766: x86_64-w64-mingw32-gcc -c conftest.c -o conftest2.o
configure:4769: $? = 0
configure:4781: result: yes
configure:4800: checking dependency style of x86_64-w64-mingw32-gcc
configure:4912: result: gcc3
configure:4927: checking for a sed that does not truncate output
configure:4997: result: /usr/bin/sed
configure:5015: checking for grep that handles long lines and -e
configure:5079: result: /usr/bin/grep
configure:5084: checking for egrep
configure:5152: result: /usr/bin/grep -E
configure:5157: checking for fgrep
configure:5225: result: /usr/bin/grep -F
configure:5261: checking for ld used by x86_64-w64-mingw32-gcc
configure:5329: result: /usr/bin/x86_64-w64-mingw32-ld
configure:5336: checking if the linker (/usr/bin/x86_64-w64-mingw32-ld) is GNU ld
configure:5352: result: yes
configure:5364: checking for BSD- or MS-compatible name lister (nm)
configure:5419: result: x86_64-w64-mingw32-nm
configure:5559: checking the name lister (x86_64-w64-mingw32-nm) interface
configure:5567: x86_64-w64-mingw32-gcc -c -pipe -O2  -I/home/hieusats/crypto/linkcoin/linkcoin/depends/x86_64-w64-mingw32/share/../include/  conftest.c >&5
configure:5570: x86_64-w64-mingw32-nm "conftest.o"
configure:5573: output
0000000000000000 b .bss
0000000000000000 d .data
0000000000000000 r .rdata$zzz
0000000000000000 t .text
0000000000000000 B some_variable
configure:5580: result: BSD nm
configure:5583: checking whether ln -s works
configure:5587: result: yes
configure:5595: checking the maximum length of command line arguments
configure:5727: result: 1572864
configure:5775: checking how to convert x86_64-pc-linux-gnu file names to x86_64-w64-mingw32 format
configure:5816: result: func_convert_file_nix_to_w32
configure:5823: checking how to convert x86_64-pc-linux-gnu file names to toolchain format
configure:5844: result: func_convert_file_noop
configure:5851: checking for /usr/bin/x86_64-w64-mingw32-ld option to reload object files
configure:5859: result: -r
configure:5893: checking for x86_64-w64-mingw32-objdump
configure:5914: found /usr/bin/x86_64-w64-mingw32-objdump
configure:5925: result: x86_64-w64-mingw32-objdump
configure:6002: checking how to recognize dependent libraries
configure:6203: result: file_magic ^x86 archive import|^x86 DLL
configure:6248: checking for x86_64-w64-mingw32-dlltool
configure:6269: found /usr/bin/x86_64-w64-mingw32-dlltool
configure:6280: result: x86_64-w64-mingw32-dlltool
configure:6358: checking how to associate runtime and link libraries
configure:6386: result: func_cygming_dll_for_implib
configure:6403: checking for x86_64-w64-mingw32-ar
configure:6435: result: x86_64-w64-mingw32-ar
configure:6521: checking for archiver @FILE support
configure:6539: x86_64-w64-mingw32-gcc -c -pipe -O2  -I/home/hieusats/crypto/linkcoin/linkcoin/depends/x86_64-w64-mingw32/share/../include/  conftest.c >&5
configure:6539: $? = 0
configure:6543: x86_64-w64-mingw32-ar cr libconftest.a @conftest.lst >&5
configure:6546: $? = 0
configure:6551: x86_64-w64-mingw32-ar cr libconftest.a @conftest.lst >&5
x86_64-w64-mingw32-ar: conftest.o: No such file or directory
configure:6554: $? = 1
configure:6566: result: @
configure:6584: checking for x86_64-w64-mingw32-strip
configure:6616: result: x86_64-w64-mingw32-strip
configure:6693: checking for x86_64-w64-mingw32-ranlib
configure:6725: result: x86_64-w64-mingw32-ranlib
configure:6872: checking command to parse x86_64-w64-mingw32-nm output from x86_64-w64-mingw32-gcc object
configure:7026: x86_64-w64-mingw32-gcc -c -pipe -O2  -I/home/hieusats/crypto/linkcoin/linkcoin/depends/x86_64-w64-mingw32/share/../include/  conftest.c >&5
configure:7029: $? = 0
configure:7033: x86_64-w64-mingw32-nm conftest.o | sed -n -e 's/^.*[	 ]\([ABCDGIRSTW][ABCDGIRSTW]*\)[	 ][	 ]*\([_A-Za-z][_A-Za-z0-9]*\)$/\1 \2 \2/p' | sed '/ __gnu_lto/d' > conftest.nm
configure:7099: x86_64-w64-mingw32-gcc -o conftest.exe -pipe -O2  -I/home/hieusats/crypto/linkcoin/linkcoin/depends/x86_64-w64-mingw32/share/../include/  -L/home/hieusats/crypto/linkcoin/linkcoin/depends/x86_64-w64-mingw32/share/../lib  conftest.c conftstm.o >&5
configure:7102: $? = 0
configure:7140: result: ok
configure:7187: checking for sysroot
configure:7218: result: no
configure:7225: checking for a working dd
configure:7269: result: /usr/bin/dd
configure:7273: checking how to truncate binary pipes
configure:7289: result: /usr/bin/dd bs=4096 count=1
configure:7581: checking for x86_64-w64-mingw32-mt
configure:7616: result: no
configure:7626: checking for mt
configure:7647: found /usr/bin/mt
configure:7658: result: mt
configure:7670: WARNING: using cross tools not prefixed with host triplet
configure:7681: checking if mt is a manifest tool
configure:7688: mt '-?'
configure:7696: result: no
configure:8426: checking for stdio.h
configure:8426: x86_64-w64-mingw32-gcc -c -pipe -O2  -I/home/hieusats/crypto/linkcoin/linkcoin/depends/x86_64-w64-mingw32/share/../include/  conftest.c >&5
configure:8426: $? = 0
configure:8426: result: yes
configure:8426: checking for stdlib.h
configure:8426: x86_64-w64-mingw32-gcc -c -pipe -O2  -I/home/hieusats/crypto/linkcoin/linkcoin/depends/x86_64-w64-mingw32/share/../include/  conftest.c >&5
configure:8426: $? = 0
configure:8426: result: yes
configure:8426: checking for string.h
configure:8426: x86_64-w64-mingw32-gcc -c -pipe -O2  -I/home/hieusats/crypto/linkcoin/linkcoin/depends/x86_64-w64-mingw32/share/../include/  conftest.c >&5
configure:8426: $? = 0
configure:8426: result: yes
configure:8426: checking for inttypes.h
configure:8426: x86_64-w64-mingw32-gcc -c -pipe -O2  -I/home/hieusats/crypto/linkcoin/linkcoin/depends/x86_64-w64-mingw32/share/../include/  conftest.c >&5
configure:8426: $? = 0
configure:8426: result: yes
configure:8426: checking for stdint.h
configure:8426: x86_64-w64-mingw32-gcc -c -pipe -O2  -I/home/hieusats/crypto/linkcoin/linkcoin/depends/x86_64-w64-mingw32/share/../include/  conftest.c >&5
configure:8426: $? = 0
configure:8426: result: yes
configure:8426: checking for strings.h
configure:8426: x86_64-w64-mingw32-gcc -c -pipe -O2  -I/home/hieusats/crypto/linkcoin/linkcoin/depends/x86_64-w64-mingw32/share/../include/  conftest.c >&5
configure:8426: $? = 0
configure:8426: result: yes
configure:8426: checking for sys/stat.h
configure:8426: x86_64-w64-mingw32-gcc -c -pipe -O2  -I/home/hieusats/crypto/linkcoin/linkcoin/depends/x86_64-w64-mingw32/share/../include/  conftest.c >&5
configure:8426: $? = 0
configure:8426: result: yes
configure:8426: checking for sys/types.h
configure:8426: x86_64-w64-mingw32-gcc -c -pipe -O2  -I/home/hieusats/crypto/linkcoin/linkcoin/depends/x86_64-w64-mingw32/share/../include/  conftest.c >&5
configure:8426: $? = 0
configure:8426: result: yes
configure:8426: checking for unistd.h
configure:8426: x86_64-w64-mingw32-gcc -c -pipe -O2  -I/home/hieusats/crypto/linkcoin/linkcoin/depends/x86_64-w64-mingw32/share/../include/  conftest.c >&5
configure:8426: $? = 0
configure:8426: result: yes
configure:8451: checking for dlfcn.h
configure:8451: x86_64-w64-mingw32-gcc -c -pipe -O2  -I/home/hieusats/crypto/linkcoin/linkcoin/depends/x86_64-w64-mingw32/share/../include/  conftest.c >&5
conftest.c:50:10: fatal error: dlfcn.h: No such file or directory
   50 | #include <dlfcn.h>
      |          ^~~~~~~~~
compilation terminated.
configure:8451: $? = 1
configure: failed program was:
| /* confdefs.h */
| #define PACKAGE_NAME "univalue"
| #define PACKAGE_TARNAME "univalue"
| #define PACKAGE_VERSION "1.0.4"
| #define PACKAGE_STRING "univalue 1.0.4"
| #define PACKAGE_BUGREPORT "http://github.com/jgarzik/univalue/"
| #define PACKAGE_URL ""
| #define PACKAGE "univalue"
| #define VERSION "1.0.4"
| #define HAVE_STDIO_H 1
| #define HAVE_STDLIB_H 1
| #define HAVE_STRING_H 1
| #define HAVE_INTTYPES_H 1
| #define HAVE_STDINT_H 1
| #define HAVE_STRINGS_H 1
| #define HAVE_SYS_STAT_H 1
| #define HAVE_SYS_TYPES_H 1
| #define HAVE_UNISTD_H 1
| #define STDC_HEADERS 1
| /* end confdefs.h.  */
| #include <stddef.h>
| #ifdef HAVE_STDIO_H
| # include <stdio.h>
| #endif
| #ifdef HAVE_STDLIB_H
| # include <stdlib.h>
| #endif
| #ifdef HAVE_STRING_H
| # include <string.h>
| #endif
| #ifdef HAVE_INTTYPES_H
| # include <inttypes.h>
| #endif
| #ifdef HAVE_STDINT_H
| # include <stdint.h>
| #endif
| #ifdef HAVE_STRINGS_H
| # include <strings.h>
| #endif
| #ifdef HAVE_SYS_TYPES_H
| # include <sys/types.h>
| #endif
| #ifdef HAVE_SYS_STAT_H
| # include <sys/stat.h>
| #endif
| #ifdef HAVE_UNISTD_H
| # include <unistd.h>
| #endif
| 
| #include <dlfcn.h>
configure:8451: result: no
configure:8710: checking for objdir
configure:8726: result: .libs
configure:8990: checking if x86_64-w64-mingw32-gcc supports -fno-rtti -fno-exceptions
configure:9009: x86_64-w64-mingw32-gcc -c -pipe -O2  -I/home/hieusats/crypto/linkcoin/linkcoin/depends/x86_64-w64-mingw32/share/../include/  -fno-rtti -fno-exceptions conftest.c >&5
cc1: warning: command-line option '-fno-rtti' is valid for C++/D/ObjC++ but not for C
configure:9013: $? = 0
configure:9026: result: no
configure:9390: checking for x86_64-w64-mingw32-gcc option to produce PIC
configure:9398: result: -DDLL_EXPORT -DPIC
configure:9406: checking if x86_64-w64-mingw32-gcc PIC flag -DDLL_EXPORT -DPIC works
configure:9425: x86_64-w64-mingw32-gcc -c -pipe -O2  -I/home/hieusats/crypto/linkcoin/linkcoin/depends/x86_64-w64-mingw32/share/../include/  -DDLL_EXPORT -DPIC -DPIC conftest.c >&5
configure:9429: $? = 0
configure:9442: result: yes
configure:9471: checking if x86_64-w64-mingw32-gcc static flag -static works
configure:9500: result: yes
configure:9515: checking if x86_64-w64-mingw32-gcc supports -c -o file.o
configure:9537: x86_64-w64-mingw32-gcc -c -pipe -O2  -I/home/hieusats/crypto/linkcoin/linkcoin/depends/x86_64-w64-mingw32/share/../include/  -o out/conftest2.o conftest.c >&5
configure:9541: $? = 0
configure:9563: result: yes
configure:9571: checking if x86_64-w64-mingw32-gcc supports -c -o file.o
configure:9619: result: yes
configure:9652: checking whether the x86_64-w64-mingw32-gcc linker (/usr/bin/x86_64-w64-mingw32-ld) supports shared libraries
configure:10922: result: yes
configure:11163: checking dynamic linker characteristics
configure:11996: result: Win32 ld.exe
configure:12118: checking how to hardcode library paths into programs
configure:12143: result: immediate
configure:12695: checking whether stripping libraries is possible
configure:12700: result: yes
configure:12735: checking if libtool supports shared libraries
configure:12737: result: yes
configure:12740: checking whether to build shared libraries
configure:12765: result: no
configure:12768: checking whether to build static libraries
configure:12772: result: yes
configure:12937: checking for C++ compiler version
configure:12946: x86_64-w64-mingw32-g++ --version >&5
x86_64-w64-mingw32-g++ (GCC) 10-posix 20220113
Copyright (C) 2020 Free Software Foundation, Inc.
This is free software; see the source for copying conditions.  There is NO
warranty; not even for MERCHANTABILITY or FITNESS FOR A PARTICULAR PURPOSE.

configure:12957: $? = 0
configure:12946: x86_64-w64-mingw32-g++ -v >&5
Using built-in specs.
COLLECT_GCC=x86_64-w64-mingw32-g++
COLLECT_LTO_WRAPPER=/usr/lib/gcc/x86_64-w64-mingw32/10-posix/lto-wrapper
Target: x86_64-w64-mingw32
Configured with: ../../src/configure --build=x86_64-linux-gnu --prefix=/usr --includedir='/usr/include' --mandir='/usr/share/man' --infodir='/usr/share/info' --sysconfdir=/etc --localstatedir=/var --disable-option-checking --disable-silent-rules --libdir='/usr/lib/x86_64-linux-gnu' --libexecdir='/usr/lib/x86_64-linux-gnu' --disable-maintainer-mode --disable-dependency-tracking --prefix=/usr --enable-shared --enable-static --disable-multilib --with-system-zlib --libexecdir=/usr/lib --without-included-gettext --libdir=/usr/lib --enable-libstdcxx-time=yes --with-tune=generic --with-headers --enable-version-specific-runtime-libs --enable-fully-dynamic-string --enable-libgomp --enable-languages=c,c++,fortran,objc,obj-c++,ada --enable-lto --enable-threads=posix --program-suffix=-posix --program-prefix=x86_64-w64-mingw32- --target=x86_64-w64-mingw32 --with-as=/usr/bin/x86_64-w64-mingw32-as --with-ld=/usr/bin/x86_64-w64-mingw32-ld --enable-libatomic --enable-libstdcxx-filesystem-ts=yes --enable-dependency-tracking SED=/bin/sed
Thread model: posix
Supported LTO compression algorithms: zlib
gcc version 10-posix 20220113 (GCC) 
configure:12957: $? = 0
configure:12946: x86_64-w64-mingw32-g++ -V >&5
x86_64-w64-mingw32-g++: error: unrecognized command-line option '-V'
x86_64-w64-mingw32-g++: fatal error: no input files
compilation terminated.
configure:12957: $? = 1
configure:12946: x86_64-w64-mingw32-g++ -qversion >&5
x86_64-w64-mingw32-g++: error: unrecognized command-line option '-qversion'; did you mean '--version'?
x86_64-w64-mingw32-g++: fatal error: no input files
compilation terminated.
configure:12957: $? = 1
configure:12961: checking whether the compiler supports GNU C++
configure:12981: x86_64-w64-mingw32-g++ -c -pipe -O2  -I/home/hieusats/crypto/linkcoin/linkcoin/depends/x86_64-w64-mingw32/share/../include/  conftest.cpp >&5
configure:12981: $? = 0
configure:12991: result: yes
configure:13002: checking whether x86_64-w64-mingw32-g++ accepts -g
configure:13023: x86_64-w64-mingw32-g++ -c -g -I/home/hieusats/crypto/linkcoin/linkcoin/depends/x86_64-w64-mingw32/share/../include/  conftest.cpp >&5
configure:13023: $? = 0
configure:13067: result: yes
configure:13087: checking for x86_64-w64-mingw32-g++ option to enable C++11 features
configure:13102: x86_64-w64-mingw32-g++  -c -pipe -O2  -I/home/hieusats/crypto/linkcoin/linkcoin/depends/x86_64-w64-mingw32/share/../include/  conftest.cpp >&5
configure:13102: $? = 0
configure:13120: result: none needed
configure:13186: checking dependency style of x86_64-w64-mingw32-g++
configure:13298: result: gcc3
configure:13332: checking how to run the C++ preprocessor
configure:13354: x86_64-w64-mingw32-g++ -E -I/home/hieusats/crypto/linkcoin/linkcoin/depends/x86_64-w64-mingw32/share/../include/  conftest.cpp
configure:13354: $? = 0
configure:13369: x86_64-w64-mingw32-g++ -E -I/home/hieusats/crypto/linkcoin/linkcoin/depends/x86_64-w64-mingw32/share/../include/  conftest.cpp
conftest.cpp:22:10: fatal error: ac_nonexistent.h: No such file or directory
   22 | #include <ac_nonexistent.h>
      |          ^~~~~~~~~~~~~~~~~~
compilation terminated.
configure:13369: $? = 1
configure: failed program was:
| /* confdefs.h */
| #define PACKAGE_NAME "univalue"
| #define PACKAGE_TARNAME "univalue"
| #define PACKAGE_VERSION "1.0.4"
| #define PACKAGE_STRING "univalue 1.0.4"
| #define PACKAGE_BUGREPORT "http://github.com/jgarzik/univalue/"
| #define PACKAGE_URL ""
| #define PACKAGE "univalue"
| #define VERSION "1.0.4"
| #define HAVE_STDIO_H 1
| #define HAVE_STDLIB_H 1
| #define HAVE_STRING_H 1
| #define HAVE_INTTYPES_H 1
| #define HAVE_STDINT_H 1
| #define HAVE_STRINGS_H 1
| #define HAVE_SYS_STAT_H 1
| #define HAVE_SYS_TYPES_H 1
| #define HAVE_UNISTD_H 1
| #define STDC_HEADERS 1
| #define LT_OBJDIR ".libs/"
| /* end confdefs.h.  */
| #include <ac_nonexistent.h>
configure:13396: result: x86_64-w64-mingw32-g++ -E
configure:13410: x86_64-w64-mingw32-g++ -E -I/home/hieusats/crypto/linkcoin/linkcoin/depends/x86_64-w64-mingw32/share/../include/  conftest.cpp
configure:13410: $? = 0
configure:13425: x86_64-w64-mingw32-g++ -E -I/home/hieusats/crypto/linkcoin/linkcoin/depends/x86_64-w64-mingw32/share/../include/  conftest.cpp
conftest.cpp:22:10: fatal error: ac_nonexistent.h: No such file or directory
   22 | #include <ac_nonexistent.h>
      |          ^~~~~~~~~~~~~~~~~~
compilation terminated.
configure:13425: $? = 1
configure: failed program was:
| /* confdefs.h */
| #define PACKAGE_NAME "univalue"
| #define PACKAGE_TARNAME "univalue"
| #define PACKAGE_VERSION "1.0.4"
| #define PACKAGE_STRING "univalue 1.0.4"
| #define PACKAGE_BUGREPORT "http://github.com/jgarzik/univalue/"
| #define PACKAGE_URL ""
| #define PACKAGE "univalue"
| #define VERSION "1.0.4"
| #define HAVE_STDIO_H 1
| #define HAVE_STDLIB_H 1
| #define HAVE_STRING_H 1
| #define HAVE_INTTYPES_H 1
| #define HAVE_STDINT_H 1
| #define HAVE_STRINGS_H 1
| #define HAVE_SYS_STAT_H 1
| #define HAVE_SYS_TYPES_H 1
| #define HAVE_UNISTD_H 1
| #define STDC_HEADERS 1
| #define LT_OBJDIR ".libs/"
| /* end confdefs.h.  */
| #include <ac_nonexistent.h>
configure:13590: checking for ld used by x86_64-w64-mingw32-g++
configure:13658: result: /usr/bin/x86_64-w64-mingw32-ld
configure:13665: checking if the linker (/usr/bin/x86_64-w64-mingw32-ld) is GNU ld
configure:13681: result: yes
configure:13736: checking whether the x86_64-w64-mingw32-g++ linker (/usr/bin/x86_64-w64-mingw32-ld) supports shared libraries
configure:14813: result: yes
configure:14849: x86_64-w64-mingw32-g++ -c -pipe -O2  -I/home/hieusats/crypto/linkcoin/linkcoin/depends/x86_64-w64-mingw32/share/../include/  conftest.cpp >&5
configure:14852: $? = 0
configure:15333: checking for x86_64-w64-mingw32-g++ option to produce PIC
configure:15341: result: -DDLL_EXPORT -DPIC
configure:15349: checking if x86_64-w64-mingw32-g++ PIC flag -DDLL_EXPORT -DPIC works
configure:15368: x86_64-w64-mingw32-g++ -c -pipe -O2  -I/home/hieusats/crypto/linkcoin/linkcoin/depends/x86_64-w64-mingw32/share/../include/  -DDLL_EXPORT -DPIC -DPIC conftest.cpp >&5
configure:15372: $? = 0
configure:15385: result: yes
configure:15408: checking if x86_64-w64-mingw32-g++ static flag -static works
configure:15437: result: yes
configure:15449: checking if x86_64-w64-mingw32-g++ supports -c -o file.o
configure:15471: x86_64-w64-mingw32-g++ -c -pipe -O2  -I/home/hieusats/crypto/linkcoin/linkcoin/depends/x86_64-w64-mingw32/share/../include/  -o out/conftest2.o conftest.cpp >&5
configure:15475: $? = 0
configure:15497: result: yes
configure:15502: checking if x86_64-w64-mingw32-g++ supports -c -o file.o
configure:15550: result: yes
configure:15580: checking whether the x86_64-w64-mingw32-g++ linker (/usr/bin/x86_64-w64-mingw32-ld) supports shared libraries
configure:15623: result: yes
configure:15765: checking dynamic linker characteristics
configure:16525: result: Win32 ld.exe
configure:16590: checking how to hardcode library paths into programs
configure:16615: result: immediate
configure:16672: checking whether x86_64-w64-mingw32-g++ supports C++11 features with -std=c++11
configure:16971: x86_64-w64-mingw32-g++ -std=c++11 -c -pipe -O2  -I/home/hieusats/crypto/linkcoin/linkcoin/depends/x86_64-w64-mingw32/share/../include/  conftest.cpp >&5
configure:16971: $? = 0
configure:16981: result: yes
configure:17140: checking that generated files are newer than configure
configure:17146: result: done
configure:17173: creating ./config.status

## ---------------------- ##
## Running config.status. ##
## ---------------------- ##

This file was extended by univalue config.status 1.0.4, which was
generated by GNU Autoconf 2.71.  Invocation command line was

  CONFIG_FILES    = 
  CONFIG_HEADERS  = 
  CONFIG_LINKS    = 
  CONFIG_COMMANDS = 
  $ ./config.status 

on hieusats

config.status:1169: creating Makefile
config.status:1169: creating pc/libunivalue.pc
config.status:1169: creating pc/libunivalue-uninstalled.pc
config.status:1169: creating univalue-config.h
config.status:1398: executing depfiles commands
config.status:1475: cd .       && sed -e '/# am--include-marker/d' Makefile         | make -f - am--depfiles
config.status:1480: $? = 0
config.status:1398: executing libtool commands

## ---------------- ##
## Cache variables. ##
## ---------------- ##

ac_cv_build=x86_64-pc-linux-gnu
ac_cv_c_compiler_gnu=yes
ac_cv_cxx_compiler_gnu=yes
ac_cv_env_CCC_set=
ac_cv_env_CCC_value=
ac_cv_env_CC_set=
ac_cv_env_CC_value=
ac_cv_env_CFLAGS_set=
ac_cv_env_CFLAGS_value=
ac_cv_env_CPPFLAGS_set=
ac_cv_env_CPPFLAGS_value=
ac_cv_env_CXXCPP_set=
ac_cv_env_CXXCPP_value=
ac_cv_env_CXXFLAGS_set=
ac_cv_env_CXXFLAGS_value=
ac_cv_env_CXX_set=
ac_cv_env_CXX_value=
ac_cv_env_LDFLAGS_set=
ac_cv_env_LDFLAGS_value=
ac_cv_env_LIBS_set=
ac_cv_env_LIBS_value=
ac_cv_env_LT_SYS_LIBRARY_PATH_set=
ac_cv_env_LT_SYS_LIBRARY_PATH_value=
ac_cv_env_build_alias_set=
ac_cv_env_build_alias_value=
ac_cv_env_host_alias_set=
ac_cv_env_host_alias_value=
ac_cv_env_target_alias_set=
ac_cv_env_target_alias_value=
ac_cv_exeext=.exe
ac_cv_header_dlfcn_h=no
ac_cv_header_inttypes_h=yes
ac_cv_header_stdint_h=yes
ac_cv_header_stdio_h=yes
ac_cv_header_stdlib_h=yes
ac_cv_header_string_h=yes
ac_cv_header_strings_h=yes
ac_cv_header_sys_stat_h=yes
ac_cv_header_sys_types_h=yes
ac_cv_header_unistd_h=yes
ac_cv_host=x86_64-w64-mingw32
ac_cv_objext=o
ac_cv_path_EGREP='/usr/bin/grep -E'
ac_cv_path_FGREP='/usr/bin/grep -F'
ac_cv_path_GREP=/usr/bin/grep
ac_cv_path_SED=/usr/bin/sed
ac_cv_path_ac_pt_AR=x86_64-w64-mingw32-ar
ac_cv_path_ac_pt_NM=x86_64-w64-mingw32-nm
ac_cv_path_ac_pt_RANLIB=x86_64-w64-mingw32-ranlib
ac_cv_path_install='/usr/bin/install -c'
ac_cv_path_lt_DD=/usr/bin/dd
ac_cv_path_mkdir=/usr/bin/mkdir
ac_cv_prog_AR=x86_64-w64-mingw32-ar
ac_cv_prog_AWK=mawk
ac_cv_prog_CC=x86_64-w64-mingw32-gcc
ac_cv_prog_CXXCPP='x86_64-w64-mingw32-g++ -E'
ac_cv_prog_DLLTOOL=x86_64-w64-mingw32-dlltool
ac_cv_prog_OBJDUMP=x86_64-w64-mingw32-objdump
ac_cv_prog_RANLIB=x86_64-w64-mingw32-ranlib
ac_cv_prog_STRIP=x86_64-w64-mingw32-strip
ac_cv_prog_ac_ct_MANIFEST_TOOL=mt
ac_cv_prog_cc_c11=
ac_cv_prog_cc_g=yes
ac_cv_prog_cc_stdc=
ac_cv_prog_cxx_11=no
ac_cv_prog_cxx_cxx11=
ac_cv_prog_cxx_g=yes
ac_cv_prog_cxx_stdcxx=
ac_cv_prog_make_make_set=yes
am_cv_CC_dependencies_compiler_type=gcc3
am_cv_CXX_dependencies_compiler_type=gcc3
am_cv_make_support_nested_variables=yes
am_cv_prog_cc_c_o=yes
ax_cv_cxx_compile_cxx11__std_cpp11=yes
lt_cv_ar_at_file=@
lt_cv_deplibs_check_method='file_magic ^x86 archive import|^x86 DLL'
lt_cv_file_magic_cmd=func_win32_libid
lt_cv_file_magic_test_file=
lt_cv_ld_reload_flag=-r
lt_cv_nm_interface='BSD nm'
lt_cv_objdir=.libs
lt_cv_path_LD=/usr/bin/x86_64-w64-mingw32-ld
lt_cv_path_LDCXX=/usr/bin/x86_64-w64-mingw32-ld
lt_cv_path_NM=x86_64-w64-mingw32-nm
lt_cv_path_mainfest_tool=no
lt_cv_prog_compiler_c_o=yes
lt_cv_prog_compiler_c_o_CXX=yes
lt_cv_prog_compiler_pic='-DDLL_EXPORT -DPIC'
lt_cv_prog_compiler_pic_CXX='-DDLL_EXPORT -DPIC'
lt_cv_prog_compiler_pic_works=yes
lt_cv_prog_compiler_pic_works_CXX=yes
lt_cv_prog_compiler_rtti_exceptions=no
lt_cv_prog_compiler_static_works=yes
lt_cv_prog_compiler_static_works_CXX=yes
lt_cv_prog_gnu_ld=yes
lt_cv_prog_gnu_ldcxx=yes
lt_cv_sharedlib_from_linklib_cmd=func_cygming_dll_for_implib
lt_cv_sys_global_symbol_pipe='sed -n -e '\''s/^.*[	 ]\([ABCDGIRSTW][ABCDGIRSTW]*\)[	 ][	 ]*\([_A-Za-z][_A-Za-z0-9]*\)$/\1 \2 \2/p'\'' | sed '\''/ __gnu_lto/d'\'''
lt_cv_sys_global_symbol_to_c_name_address='sed -n -e '\''s/^: \(.*\) .*$/  {"\1", (void *) 0},/p'\'' -e '\''s/^[ABCDGIRSTW][ABCDGIRSTW]* .* \(.*\)$/  {"\1", (void *) \&\1},/p'\'''
lt_cv_sys_global_symbol_to_c_name_address_lib_prefix='sed -n -e '\''s/^: \(.*\) .*$/  {"\1", (void *) 0},/p'\'' -e '\''s/^[ABCDGIRSTW][ABCDGIRSTW]* .* \(lib.*\)$/  {"\1", (void *) \&\1},/p'\'' -e '\''s/^[ABCDGIRSTW][ABCDGIRSTW]* .* \(.*\)$/  {"lib\1", (void *) \&\1},/p'\'''
lt_cv_sys_global_symbol_to_cdecl='sed -n -e '\''s/^T .* \(.*\)$/extern int \1();/p'\'' -e '\''s/^[ABCDGIRSTW][ABCDGIRSTW]* .* \(.*\)$/extern char \1;/p'\'''
lt_cv_sys_global_symbol_to_import=
lt_cv_sys_max_cmd_len=1572864
lt_cv_to_host_file_cmd=func_convert_file_nix_to_w32
lt_cv_to_tool_file_cmd=func_convert_file_noop
lt_cv_truncate_bin='/usr/bin/dd bs=4096 count=1'

## ----------------- ##
## Output variables. ##
## ----------------- ##

ACLOCAL='${SHELL} '\''/home/hieusats/crypto/linkcoin/linkcoin/src/univalue/build-aux/missing'\'' aclocal-1.16'
AMDEPBACKSLASH='\'
AMDEP_FALSE='#'
AMDEP_TRUE=''
AMTAR='$${TAR-tar}'
AM_BACKSLASH='\'
AM_DEFAULT_V='$(AM_DEFAULT_VERBOSITY)'
AM_DEFAULT_VERBOSITY='0'
AM_V='$(V)'
AR='x86_64-w64-mingw32-ar'
AUTOCONF='${SHELL} '\''/home/hieusats/crypto/linkcoin/linkcoin/src/univalue/build-aux/missing'\'' autoconf'
AUTOHEADER='${SHELL} '\''/home/hieusats/crypto/linkcoin/linkcoin/src/univalue/build-aux/missing'\'' autoheader'
AUTOMAKE='${SHELL} '\''/home/hieusats/crypto/linkcoin/linkcoin/src/univalue/build-aux/missing'\'' automake-1.16'
AWK='mawk'
BUILD_EXEEXT=''
CC='x86_64-w64-mingw32-gcc'
CCDEPMODE='depmode=gcc3'
CFLAGS='-pipe -O2 '
CPPFLAGS='-I/home/hieusats/crypto/linkcoin/linkcoin/depends/x86_64-w64-mingw32/share/../include/ '
CSCOPE='cscope'
CTAGS='ctags'
CXX='x86_64-w64-mingw32-g++ -std=c++11'
CXXCPP='x86_64-w64-mingw32-g++ -E -std=c++11'
CXXDEPMODE='depmode=gcc3'
CXXFLAGS='-pipe -O2 '
CYGPATH_W='echo'
DEFS='-DHAVE_CONFIG_H'
DEPDIR='.deps'
DLLTOOL='x86_64-w64-mingw32-dlltool'
DSYMUTIL=''
DUMPBIN=''
ECHO_C=''
ECHO_N='-n'
ECHO_T=''
EGREP='/usr/bin/grep -E'
ETAGS='etags'
EXEEXT='.exe'
FGREP='/usr/bin/grep -F'
GREP='/usr/bin/grep'
HAVE_CXX11='1'
INSTALL_DATA='${INSTALL} -m 644'
INSTALL_PROGRAM='${INSTALL}'
INSTALL_SCRIPT='${INSTALL}'
INSTALL_STRIP_PROGRAM='$(install_sh) -c -s'
LD='/usr/bin/x86_64-w64-mingw32-ld'
LDFLAGS='-L/home/hieusats/crypto/linkcoin/linkcoin/depends/x86_64-w64-mingw32/share/../lib '
LIBOBJS=''
LIBS=''
LIBTOOL='$(SHELL) $(top_builddir)/libtool'
LIBTOOL_APP_LDFLAGS=' -all-static'
LIBUNIVALUE_AGE='100'
LIBUNIVALUE_CURRENT='100'
LIBUNIVALUE_REVISION='4'
LIPO=''
LN_S='ln -s'
LTLIBOBJS=''
LT_SYS_LIBRARY_PATH=''
MAKEINFO='${SHELL} '\''/home/hieusats/crypto/linkcoin/linkcoin/src/univalue/build-aux/missing'\'' makeinfo'
MANIFEST_TOOL=':'
MKDIR_P='/usr/bin/mkdir -p'
NM='x86_64-w64-mingw32-nm'
NMEDIT=''
OBJDUMP='x86_64-w64-mingw32-objdump'
OBJEXT='o'
OTOOL64=''
OTOOL=''
PACKAGE='univalue'
PACKAGE_BUGREPORT='http://github.com/jgarzik/univalue/'
PACKAGE_NAME='univalue'
PACKAGE_STRING='univalue 1.0.4'
PACKAGE_TARNAME='univalue'
PACKAGE_URL=''
PACKAGE_VERSION='1.0.4'
PATH_SEPARATOR=':'
RANLIB='x86_64-w64-mingw32-ranlib'
SED='/usr/bin/sed'
SET_MAKE=''
SHELL='/bin/bash'
STRIP='x86_64-w64-mingw32-strip'
VERSION='1.0.4'
ac_ct_AR=''
ac_ct_CC=''
ac_ct_CXX=''
ac_ct_DUMPBIN=''
am__EXEEXT_FALSE='#'
am__EXEEXT_TRUE=''
am__fastdepCC_FALSE='#'
am__fastdepCC_TRUE=''
am__fastdepCXX_FALSE='#'
am__fastdepCXX_TRUE=''
am__include='include'
am__isrc=''
am__leading_dot='.'
am__nodep='_no'
am__quote=''
am__tar='$${TAR-tar} chof - "$$tardir"'
am__untar='$${TAR-tar} xf -'
bindir='${exec_prefix}/bin'
build='x86_64-pc-linux-gnu'
build_alias=''
build_cpu='x86_64'
build_os='linux-gnu'
build_vendor='pc'
datadir='${datarootdir}'
datarootdir='${prefix}/share'
docdir='${datarootdir}/doc/${PACKAGE_TARNAME}'
dvidir='${docdir}'
exec_prefix='${prefix}'
host='x86_64-w64-mingw32'
host_alias='x86_64-w64-mingw32'
host_cpu='x86_64'
host_os='mingw32'
host_vendor='w64'
htmldir='${docdir}'
includedir='${prefix}/include'
infodir='${datarootdir}/info'
install_sh='${SHELL} /home/hieusats/crypto/linkcoin/linkcoin/src/univalue/build-aux/install-sh'
libdir='${exec_prefix}/lib'
libexecdir='${exec_prefix}/libexec'
localedir='${datarootdir}/locale'
localstatedir='${prefix}/var'
mandir='${datarootdir}/man'
mkdir_p='$(MKDIR_P)'
oldincludedir='/usr/include'
pdfdir='${docdir}'
prefix='/'
program_transform_name='s,x,x,'
psdir='${docdir}'
runstatedir='${localstatedir}/run'
sbindir='${exec_prefix}/sbin'
sharedstatedir='${prefix}/com'
sysconfdir='${prefix}/etc'
target_alias=''

## ----------- ##
## confdefs.h. ##
## ----------- ##

/* confdefs.h */
#define PACKAGE_NAME "univalue"
#define PACKAGE_TARNAME "univalue"
#define PACKAGE_VERSION "1.0.4"
#define PACKAGE_STRING "univalue 1.0.4"
#define PACKAGE_BUGREPORT "http://github.com/jgarzik/univalue/"
#define PACKAGE_URL ""
#define PACKAGE "univalue"
#define VERSION "1.0.4"
#define HAVE_STDIO_H 1
#define HAVE_STDLIB_H 1
#define HAVE_STRING_H 1
#define HAVE_INTTYPES_H 1
#define HAVE_STDINT_H 1
#define HAVE_STRINGS_H 1
#define HAVE_SYS_STAT_H 1
#define HAVE_SYS_TYPES_H 1
#define HAVE_UNISTD_H 1
#define STDC_HEADERS 1
#define LT_OBJDIR ".libs/"
#define HAVE_CXX11 1

configure: exit 0
