This file contains any messages produced by compilers while
running configure, to aid debugging if configure makes a mistake.

It was created by libsecp256k1 configure 0.1, which was
generated by GNU Autoconf 2.71.  Invocation command line was

  $ ./configure --disable-option-checking --prefix=/ --disable-shared --with-pic --with-bignum=no --enable-module-recovery --cache-file=/dev/null --srcdir=.

## --------- ##
## Platform. ##
## --------- ##

hostname = hieusats
uname -m = x86_64
uname -r = 6.8.0-49-generic
uname -s = Linux
uname -v = #49~22.04.1-Ubuntu SMP PREEMPT_DYNAMIC Wed Nov  6 17:42:15 UTC 2

/usr/bin/uname -p = x86_64
/bin/uname -X     = unknown

/bin/arch              = x86_64
/usr/bin/arch -k       = unknown
/usr/convex/getsysinfo = unknown
/usr/bin/hostinfo      = unknown
/bin/machine           = unknown
/usr/bin/oslevel       = unknown
/bin/universe          = unknown

PATH: /home/hieusats/crypto/linkcoin/linkcoin/depends/x86_64-w64-mingw32/share/../native/bin/
PATH: /home/hieusats/.nvm/versions/node/v22.11.0/bin/
PATH: /usr/local/sbin/
PATH: /usr/local/bin/
PATH: /usr/sbin/
PATH: /usr/bin/
PATH: /sbin/
PATH: /bin/
PATH: /usr/games/
PATH: /usr/local/games/
PATH: /snap/bin/
PATH: /snap/bin/


## ----------- ##
## Core tests. ##
## ----------- ##

configure:2231: loading site script /home/hieusats/crypto/linkcoin/linkcoin/depends/x86_64-w64-mingw32/share/config.site
| depends_prefix="`dirname ${ac_site_file}`/.."
| 
| cross_compiling=maybe
| host_alias=x86_64-w64-mingw32
| ac_tool_prefix=${host_alias}-
| 
| if test -z $with_boost; then
|   with_boost=$depends_prefix
| fi
| if test -z $with_qt_plugindir; then
|   with_qt_plugindir=$depends_prefix/plugins
| fi
| if test -z $with_qt_translationdir; then
|   with_qt_translationdir=$depends_prefix/translations
| fi
| if test -z $with_qt_bindir; then
|   with_qt_bindir=$depends_prefix/native/bin
| fi
| if test -z $with_protoc_bindir; then
|   with_protoc_bindir=$depends_prefix/native/bin
| fi
| 
| 
| if test -z $enable_wallet && test -n ""; then
|   enable_wallet=no
| fi
| 
| if test -z $with_miniupnpc && test -n ""; then
|   with_miniupnpc=no
| fi
| 
| if test -z $with_gui && test -n ""; then
|   with_gui=no
| fi
| 
| if test xmingw32 = xdarwin; then
|   BREW=no
|   PORT=no
| fi
| 
| if test xmingw32 = xmingw32; then
|   if test -z $with_qt_incdir; then
|     with_qt_incdir=$depends_prefix/include
|   fi
|   if test -z $with_qt_libdir; then
|     with_qt_libdir=$depends_prefix/lib
|   fi
| fi
| 
| PATH=$depends_prefix/native/bin:$PATH
| PKG_CONFIG="`which pkg-config` --static"
| 
| # These two need to remain exported because pkg-config does not see them
| # otherwise. That means they must be unexported at the end of configure.ac to
| # avoid ruining the cache. Sigh.
| 
| export PKG_CONFIG_LIBDIR=$depends_prefix/lib/pkgconfig
| export PKG_CONFIG_PATH=$depends_prefix/share/pkgconfig
| 
| CPPFLAGS="-I$depends_prefix/include/ $CPPFLAGS"
| LDFLAGS="-L$depends_prefix/lib $LDFLAGS"
| 
| CC="x86_64-w64-mingw32-gcc"
| CXX="x86_64-w64-mingw32-g++"
| OBJC="${CC}"
| CCACHE=$depends_prefix/native/bin/ccache
| PYTHONPATH=$depends_prefix/native/lib/python/dist-packages:$PYTHONPATH
| 
| if test -n "x86_64-w64-mingw32-ar"; then
|   AR=x86_64-w64-mingw32-ar
|   ac_cv_path_ac_pt_AR=${AR}
| fi
| 
| if test -n "x86_64-w64-mingw32-ranlib"; then
|   RANLIB=x86_64-w64-mingw32-ranlib
|   ac_cv_path_ac_pt_RANLIB=${RANLIB}
| fi
| 
| if test -n "x86_64-w64-mingw32-nm"; then
|   NM=x86_64-w64-mingw32-nm
|   ac_cv_path_ac_pt_NM=${NM}
| fi
| 
| if test -n ""; then
|   enable_reduce_exports=no
| fi
| 
| if test -n "-pipe -O2"; then
|   CFLAGS="-pipe -O2 $CFLAGS"
| fi
| if test -n "-pipe -O2"; then
|   CXXFLAGS="-pipe -O2 $CXXFLAGS"
| fi
| if test -n ""; then
|   CPPFLAGS=" $CPPFLAGS"
| fi
| if test -n ""; then
|   LDFLAGS=" $LDFLAGS"
| fi
configure:2590: looking for aux files: compile ltmain.sh missing install-sh config.guess config.sub
configure:2603:  trying ./build-aux/
configure:2632:   ./build-aux/compile found
configure:2632:   ./build-aux/ltmain.sh found
configure:2632:   ./build-aux/missing found
configure:2614:   ./build-aux/install-sh found
configure:2632:   ./build-aux/config.guess found
configure:2632:   ./build-aux/config.sub found
configure:2752: checking build system type
configure:2767: result: x86_64-pc-linux-gnu
configure:2787: checking host system type
configure:2801: result: x86_64-w64-mingw32
configure:2841: checking for a BSD-compatible install
configure:2914: result: /usr/bin/install -c
configure:2925: checking whether build environment is sane
configure:2980: result: yes
configure:3036: checking for x86_64-w64-mingw32-strip
configure:3057: found /usr/bin/x86_64-w64-mingw32-strip
configure:3068: result: x86_64-w64-mingw32-strip
configure:3139: checking for a race-free mkdir -p
configure:3183: result: /usr/bin/mkdir -p
configure:3190: checking for gawk
configure:3225: result: no
configure:3190: checking for mawk
configure:3211: found /usr/bin/mawk
configure:3222: result: mawk
configure:3233: checking whether make sets $(MAKE)
configure:3256: result: yes
configure:3286: checking whether make supports nested variables
configure:3304: result: yes
configure:3487: checking how to print strings
configure:3514: result: printf
configure:3548: checking whether make supports the include directive
configure:3563: make -f confmf.GNU && cat confinc.out
this is the am__doit target
configure:3566: $? = 0
configure:3585: result: yes (GNU style)
configure:3616: checking for x86_64-w64-mingw32-gcc
configure:3648: result: x86_64-w64-mingw32-gcc
configure:4046: checking for C compiler version
configure:4055: x86_64-w64-mingw32-gcc --version >&5
x86_64-w64-mingw32-gcc (GCC) 10-posix 20220113
Copyright (C) 2020 Free Software Foundation, Inc.
This is free software; see the source for copying conditions.  There is NO
warranty; not even for MERCHANTABILITY or FITNESS FOR A PARTICULAR PURPOSE.

configure:4066: $? = 0
configure:4055: x86_64-w64-mingw32-gcc -v >&5
Using built-in specs.
COLLECT_GCC=x86_64-w64-mingw32-gcc
COLLECT_LTO_WRAPPER=/usr/lib/gcc/x86_64-w64-mingw32/10-posix/lto-wrapper
Target: x86_64-w64-mingw32
Configured with: ../../src/configure --build=x86_64-linux-gnu --prefix=/usr --includedir='/usr/include' --mandir='/usr/share/man' --infodir='/usr/share/info' --sysconfdir=/etc --localstatedir=/var --disable-option-checking --disable-silent-rules --libdir='/usr/lib/x86_64-linux-gnu' --libexecdir='/usr/lib/x86_64-linux-gnu' --disable-maintainer-mode --disable-dependency-tracking --prefix=/usr --enable-shared --enable-static --disable-multilib --with-system-zlib --libexecdir=/usr/lib --without-included-gettext --libdir=/usr/lib --enable-libstdcxx-time=yes --with-tune=generic --with-headers --enable-version-specific-runtime-libs --enable-fully-dynamic-string --enable-libgomp --enable-languages=c,c++,fortran,objc,obj-c++,ada --enable-lto --enable-threads=posix --program-suffix=-posix --program-prefix=x86_64-w64-mingw32- --target=x86_64-w64-mingw32 --with-as=/usr/bin/x86_64-w64-mingw32-as --with-ld=/usr/bin/x86_64-w64-mingw32-ld --enable-libatomic --enable-libstdcxx-filesystem-ts=yes --enable-dependency-tracking SED=/bin/sed
Thread model: posix
Supported LTO compression algorithms: zlib
gcc version 10-posix 20220113 (GCC) 
configure:4066: $? = 0
configure:4055: x86_64-w64-mingw32-gcc -V >&5
x86_64-w64-mingw32-gcc: error: unrecognized command-line option '-V'
x86_64-w64-mingw32-gcc: fatal error: no input files
compilation terminated.
configure:4066: $? = 1
configure:4055: x86_64-w64-mingw32-gcc -qversion >&5
x86_64-w64-mingw32-gcc: error: unrecognized command-line option '-qversion'; did you mean '--version'?
x86_64-w64-mingw32-gcc: fatal error: no input files
compilation terminated.
configure:4066: $? = 1
configure:4055: x86_64-w64-mingw32-gcc -version >&5
x86_64-w64-mingw32-gcc: error: unrecognized command-line option '-version'
x86_64-w64-mingw32-gcc: fatal error: no input files
compilation terminated.
configure:4066: $? = 1
configure:4086: checking whether the C compiler works
configure:4108: x86_64-w64-mingw32-gcc -pipe -O2  -I/home/hieusats/crypto/linkcoin/linkcoin/depends/x86_64-w64-mingw32/share/../include/  -L/home/hieusats/crypto/linkcoin/linkcoin/depends/x86_64-w64-mingw32/share/../lib  conftest.c  >&5
configure:4112: $? = 0
configure:4162: result: yes
configure:4165: checking for C compiler default output file name
configure:4167: result: a.exe
configure:4173: checking for suffix of executables
configure:4180: x86_64-w64-mingw32-gcc -o conftest.exe -pipe -O2  -I/home/hieusats/crypto/linkcoin/linkcoin/depends/x86_64-w64-mingw32/share/../include/  -L/home/hieusats/crypto/linkcoin/linkcoin/depends/x86_64-w64-mingw32/share/../lib  conftest.c  >&5
configure:4184: $? = 0
configure:4207: result: .exe
configure:4229: checking whether we are cross compiling
configure:4237: x86_64-w64-mingw32-gcc -o conftest.exe -pipe -O2  -I/home/hieusats/crypto/linkcoin/linkcoin/depends/x86_64-w64-mingw32/share/../include/  -L/home/hieusats/crypto/linkcoin/linkcoin/depends/x86_64-w64-mingw32/share/../lib  conftest.c  >&5
configure:4241: $? = 0
configure:4248: ./conftest.exe
./configure: line 4250: ./conftest.exe: cannot execute binary file: Exec format error
configure:4252: $? = 126
configure:4267: result: yes
configure:4272: checking for suffix of object files
configure:4295: x86_64-w64-mingw32-gcc -c -pipe -O2  -I/home/hieusats/crypto/linkcoin/linkcoin/depends/x86_64-w64-mingw32/share/../include/  conftest.c >&5
configure:4299: $? = 0
configure:4321: result: o
configure:4325: checking whether the compiler supports GNU C
configure:4345: x86_64-w64-mingw32-gcc -c -pipe -O2  -I/home/hieusats/crypto/linkcoin/linkcoin/depends/x86_64-w64-mingw32/share/../include/  conftest.c >&5
configure:4345: $? = 0
configure:4355: result: yes
configure:4366: checking whether x86_64-w64-mingw32-gcc accepts -g
configure:4387: x86_64-w64-mingw32-gcc -c -g -I/home/hieusats/crypto/linkcoin/linkcoin/depends/x86_64-w64-mingw32/share/../include/  conftest.c >&5
configure:4387: $? = 0
configure:4431: result: yes
configure:4451: checking for x86_64-w64-mingw32-gcc option to enable C11 features
configure:4466: x86_64-w64-mingw32-gcc  -c -pipe -O2  -I/home/hieusats/crypto/linkcoin/linkcoin/depends/x86_64-w64-mingw32/share/../include/  conftest.c >&5
configure:4466: $? = 0
configure:4484: result: none needed
configure:4600: checking whether x86_64-w64-mingw32-gcc understands -c and -o together
configure:4623: x86_64-w64-mingw32-gcc -c conftest.c -o conftest2.o
configure:4626: $? = 0
configure:4623: x86_64-w64-mingw32-gcc -c conftest.c -o conftest2.o
configure:4626: $? = 0
configure:4638: result: yes
configure:4657: checking dependency style of x86_64-w64-mingw32-gcc
configure:4769: result: gcc3
configure:4784: checking for a sed that does not truncate output
configure:4854: result: /usr/bin/sed
configure:4872: checking for grep that handles long lines and -e
configure:4936: result: /usr/bin/grep
configure:4941: checking for egrep
configure:5009: result: /usr/bin/grep -E
configure:5014: checking for fgrep
configure:5082: result: /usr/bin/grep -F
configure:5118: checking for ld used by x86_64-w64-mingw32-gcc
configure:5186: result: /usr/bin/x86_64-w64-mingw32-ld
configure:5193: checking if the linker (/usr/bin/x86_64-w64-mingw32-ld) is GNU ld
configure:5209: result: yes
configure:5221: checking for BSD- or MS-compatible name lister (nm)
configure:5276: result: x86_64-w64-mingw32-nm
configure:5416: checking the name lister (x86_64-w64-mingw32-nm) interface
configure:5424: x86_64-w64-mingw32-gcc -c -pipe -O2  -I/home/hieusats/crypto/linkcoin/linkcoin/depends/x86_64-w64-mingw32/share/../include/  conftest.c >&5
configure:5427: x86_64-w64-mingw32-nm "conftest.o"
configure:5430: output
0000000000000000 b .bss
0000000000000000 d .data
0000000000000000 r .rdata$zzz
0000000000000000 t .text
0000000000000000 B some_variable
configure:5437: result: BSD nm
configure:5440: checking whether ln -s works
configure:5444: result: yes
configure:5452: checking the maximum length of command line arguments
configure:5584: result: 1572864
configure:5632: checking how to convert x86_64-pc-linux-gnu file names to x86_64-w64-mingw32 format
configure:5673: result: func_convert_file_nix_to_w32
configure:5680: checking how to convert x86_64-pc-linux-gnu file names to toolchain format
configure:5701: result: func_convert_file_noop
configure:5708: checking for /usr/bin/x86_64-w64-mingw32-ld option to reload object files
configure:5716: result: -r
configure:5750: checking for x86_64-w64-mingw32-objdump
configure:5771: found /usr/bin/x86_64-w64-mingw32-objdump
configure:5782: result: x86_64-w64-mingw32-objdump
configure:5859: checking how to recognize dependent libraries
configure:6060: result: file_magic ^x86 archive import|^x86 DLL
configure:6105: checking for x86_64-w64-mingw32-dlltool
configure:6126: found /usr/bin/x86_64-w64-mingw32-dlltool
configure:6137: result: x86_64-w64-mingw32-dlltool
configure:6215: checking how to associate runtime and link libraries
configure:6243: result: func_cygming_dll_for_implib
configure:6260: checking for x86_64-w64-mingw32-ar
configure:6292: result: x86_64-w64-mingw32-ar
configure:6378: checking for archiver @FILE support
configure:6396: x86_64-w64-mingw32-gcc -c -pipe -O2  -I/home/hieusats/crypto/linkcoin/linkcoin/depends/x86_64-w64-mingw32/share/../include/  conftest.c >&5
configure:6396: $? = 0
configure:6400: x86_64-w64-mingw32-ar cr libconftest.a @conftest.lst >&5
configure:6403: $? = 0
configure:6408: x86_64-w64-mingw32-ar cr libconftest.a @conftest.lst >&5
x86_64-w64-mingw32-ar: conftest.o: No such file or directory
configure:6411: $? = 1
configure:6423: result: @
configure:6441: checking for x86_64-w64-mingw32-strip
configure:6473: result: x86_64-w64-mingw32-strip
configure:6550: checking for x86_64-w64-mingw32-ranlib
configure:6582: result: x86_64-w64-mingw32-ranlib
configure:6729: checking command to parse x86_64-w64-mingw32-nm output from x86_64-w64-mingw32-gcc object
configure:6883: x86_64-w64-mingw32-gcc -c -pipe -O2  -I/home/hieusats/crypto/linkcoin/linkcoin/depends/x86_64-w64-mingw32/share/../include/  conftest.c >&5
configure:6886: $? = 0
configure:6890: x86_64-w64-mingw32-nm conftest.o | sed -n -e 's/^.*[	 ]\([ABCDGIRSTW][ABCDGIRSTW]*\)[	 ][	 ]*\([_A-Za-z][_A-Za-z0-9]*\)$/\1 \2 \2/p' | sed '/ __gnu_lto/d' > conftest.nm
configure:6956: x86_64-w64-mingw32-gcc -o conftest.exe -pipe -O2  -I/home/hieusats/crypto/linkcoin/linkcoin/depends/x86_64-w64-mingw32/share/../include/  -L/home/hieusats/crypto/linkcoin/linkcoin/depends/x86_64-w64-mingw32/share/../lib  conftest.c conftstm.o >&5
configure:6959: $? = 0
configure:6997: result: ok
configure:7044: checking for sysroot
configure:7075: result: no
configure:7082: checking for a working dd
configure:7126: result: /usr/bin/dd
configure:7130: checking how to truncate binary pipes
configure:7146: result: /usr/bin/dd bs=4096 count=1
configure:7438: checking for x86_64-w64-mingw32-mt
configure:7473: result: no
configure:7483: checking for mt
configure:7504: found /usr/bin/mt
configure:7515: result: mt
configure:7527: WARNING: using cross tools not prefixed with host triplet
configure:7538: checking if mt is a manifest tool
configure:7545: mt '-?'
configure:7553: result: no
configure:8283: checking for stdio.h
configure:8283: x86_64-w64-mingw32-gcc -c -pipe -O2  -I/home/hieusats/crypto/linkcoin/linkcoin/depends/x86_64-w64-mingw32/share/../include/  conftest.c >&5
configure:8283: $? = 0
configure:8283: result: yes
configure:8283: checking for stdlib.h
configure:8283: x86_64-w64-mingw32-gcc -c -pipe -O2  -I/home/hieusats/crypto/linkcoin/linkcoin/depends/x86_64-w64-mingw32/share/../include/  conftest.c >&5
configure:8283: $? = 0
configure:8283: result: yes
configure:8283: checking for string.h
configure:8283: x86_64-w64-mingw32-gcc -c -pipe -O2  -I/home/hieusats/crypto/linkcoin/linkcoin/depends/x86_64-w64-mingw32/share/../include/  conftest.c >&5
configure:8283: $? = 0
configure:8283: result: yes
configure:8283: checking for inttypes.h
configure:8283: x86_64-w64-mingw32-gcc -c -pipe -O2  -I/home/hieusats/crypto/linkcoin/linkcoin/depends/x86_64-w64-mingw32/share/../include/  conftest.c >&5
configure:8283: $? = 0
configure:8283: result: yes
configure:8283: checking for stdint.h
configure:8283: x86_64-w64-mingw32-gcc -c -pipe -O2  -I/home/hieusats/crypto/linkcoin/linkcoin/depends/x86_64-w64-mingw32/share/../include/  conftest.c >&5
configure:8283: $? = 0
configure:8283: result: yes
configure:8283: checking for strings.h
configure:8283: x86_64-w64-mingw32-gcc -c -pipe -O2  -I/home/hieusats/crypto/linkcoin/linkcoin/depends/x86_64-w64-mingw32/share/../include/  conftest.c >&5
configure:8283: $? = 0
configure:8283: result: yes
configure:8283: checking for sys/stat.h
configure:8283: x86_64-w64-mingw32-gcc -c -pipe -O2  -I/home/hieusats/crypto/linkcoin/linkcoin/depends/x86_64-w64-mingw32/share/../include/  conftest.c >&5
configure:8283: $? = 0
configure:8283: result: yes
configure:8283: checking for sys/types.h
configure:8283: x86_64-w64-mingw32-gcc -c -pipe -O2  -I/home/hieusats/crypto/linkcoin/linkcoin/depends/x86_64-w64-mingw32/share/../include/  conftest.c >&5
configure:8283: $? = 0
configure:8283: result: yes
configure:8283: checking for unistd.h
configure:8283: x86_64-w64-mingw32-gcc -c -pipe -O2  -I/home/hieusats/crypto/linkcoin/linkcoin/depends/x86_64-w64-mingw32/share/../include/  conftest.c >&5
configure:8283: $? = 0
configure:8283: result: yes
configure:8308: checking for dlfcn.h
configure:8308: x86_64-w64-mingw32-gcc -c -pipe -O2  -I/home/hieusats/crypto/linkcoin/linkcoin/depends/x86_64-w64-mingw32/share/../include/  conftest.c >&5
conftest.c:50:10: fatal error: dlfcn.h: No such file or directory
   50 | #include <dlfcn.h>
      |          ^~~~~~~~~
compilation terminated.
configure:8308: $? = 1
configure: failed program was:
| /* confdefs.h */
| #define PACKAGE_NAME "libsecp256k1"
| #define PACKAGE_TARNAME "libsecp256k1"
| #define PACKAGE_VERSION "0.1"
| #define PACKAGE_STRING "libsecp256k1 0.1"
| #define PACKAGE_BUGREPORT ""
| #define PACKAGE_URL ""
| #define PACKAGE "libsecp256k1"
| #define VERSION "0.1"
| #define HAVE_STDIO_H 1
| #define HAVE_STDLIB_H 1
| #define HAVE_STRING_H 1
| #define HAVE_INTTYPES_H 1
| #define HAVE_STDINT_H 1
| #define HAVE_STRINGS_H 1
| #define HAVE_SYS_STAT_H 1
| #define HAVE_SYS_TYPES_H 1
| #define HAVE_UNISTD_H 1
| #define STDC_HEADERS 1
| /* end confdefs.h.  */
| #include <stddef.h>
| #ifdef HAVE_STDIO_H
| # include <stdio.h>
| #endif
| #ifdef HAVE_STDLIB_H
| # include <stdlib.h>
| #endif
| #ifdef HAVE_STRING_H
| # include <string.h>
| #endif
| #ifdef HAVE_INTTYPES_H
| # include <inttypes.h>
| #endif
| #ifdef HAVE_STDINT_H
| # include <stdint.h>
| #endif
| #ifdef HAVE_STRINGS_H
| # include <strings.h>
| #endif
| #ifdef HAVE_SYS_TYPES_H
| # include <sys/types.h>
| #endif
| #ifdef HAVE_SYS_STAT_H
| # include <sys/stat.h>
| #endif
| #ifdef HAVE_UNISTD_H
| # include <unistd.h>
| #endif
| 
| #include <dlfcn.h>
configure:8308: result: no
configure:8567: checking for objdir
configure:8583: result: .libs
configure:8847: checking if x86_64-w64-mingw32-gcc supports -fno-rtti -fno-exceptions
configure:8866: x86_64-w64-mingw32-gcc -c -pipe -O2  -I/home/hieusats/crypto/linkcoin/linkcoin/depends/x86_64-w64-mingw32/share/../include/  -fno-rtti -fno-exceptions conftest.c >&5
cc1: warning: command-line option '-fno-rtti' is valid for C++/D/ObjC++ but not for C
configure:8870: $? = 0
configure:8883: result: no
configure:9247: checking for x86_64-w64-mingw32-gcc option to produce PIC
configure:9255: result: -DDLL_EXPORT -DPIC
configure:9263: checking if x86_64-w64-mingw32-gcc PIC flag -DDLL_EXPORT -DPIC works
configure:9282: x86_64-w64-mingw32-gcc -c -pipe -O2  -I/home/hieusats/crypto/linkcoin/linkcoin/depends/x86_64-w64-mingw32/share/../include/  -DDLL_EXPORT -DPIC -DPIC conftest.c >&5
configure:9286: $? = 0
configure:9299: result: yes
configure:9328: checking if x86_64-w64-mingw32-gcc static flag -static works
configure:9357: result: yes
configure:9372: checking if x86_64-w64-mingw32-gcc supports -c -o file.o
configure:9394: x86_64-w64-mingw32-gcc -c -pipe -O2  -I/home/hieusats/crypto/linkcoin/linkcoin/depends/x86_64-w64-mingw32/share/../include/  -o out/conftest2.o conftest.c >&5
configure:9398: $? = 0
configure:9420: result: yes
configure:9428: checking if x86_64-w64-mingw32-gcc supports -c -o file.o
configure:9476: result: yes
configure:9509: checking whether the x86_64-w64-mingw32-gcc linker (/usr/bin/x86_64-w64-mingw32-ld) supports shared libraries
configure:10779: result: yes
configure:11020: checking dynamic linker characteristics
configure:11853: result: Win32 ld.exe
configure:11975: checking how to hardcode library paths into programs
configure:12000: result: immediate
configure:12552: checking whether stripping libraries is possible
configure:12557: result: yes
configure:12592: checking if libtool supports shared libraries
configure:12594: result: yes
configure:12597: checking whether to build shared libraries
configure:12622: result: no
configure:12625: checking whether to build static libraries
configure:12629: result: yes
configure:12679: checking whether make supports nested variables
configure:12697: result: yes
configure:12720: checking for x86_64-w64-mingw32-pkg-config
configure:12755: result: /usr/bin/pkg-config --static
configure:12828: checking pkg-config is at least version 0.9.0
configure:12831: result: yes
configure:12843: checking for x86_64-w64-mingw32-ar
configure:12866: found /usr/bin/x86_64-w64-mingw32-ar
configure:12878: result: /usr/bin/x86_64-w64-mingw32-ar
configure:12951: checking for x86_64-w64-mingw32-ranlib
configure:12974: found /usr/bin/x86_64-w64-mingw32-ranlib
configure:12986: result: /usr/bin/x86_64-w64-mingw32-ranlib
configure:13059: checking for x86_64-w64-mingw32-strip
configure:13082: found /usr/bin/x86_64-w64-mingw32-strip
configure:13094: result: /usr/bin/x86_64-w64-mingw32-strip
configure:13169: checking how to run the C preprocessor
configure:13195: x86_64-w64-mingw32-gcc -E -I/home/hieusats/crypto/linkcoin/linkcoin/depends/x86_64-w64-mingw32/share/../include/  conftest.c
configure:13195: $? = 0
configure:13210: x86_64-w64-mingw32-gcc -E -I/home/hieusats/crypto/linkcoin/linkcoin/depends/x86_64-w64-mingw32/share/../include/  conftest.c
conftest.c:22:10: fatal error: ac_nonexistent.h: No such file or directory
   22 | #include <ac_nonexistent.h>
      |          ^~~~~~~~~~~~~~~~~~
compilation terminated.
configure:13210: $? = 1
configure: failed program was:
| /* confdefs.h */
| #define PACKAGE_NAME "libsecp256k1"
| #define PACKAGE_TARNAME "libsecp256k1"
| #define PACKAGE_VERSION "0.1"
| #define PACKAGE_STRING "libsecp256k1 0.1"
| #define PACKAGE_BUGREPORT ""
| #define PACKAGE_URL ""
| #define PACKAGE "libsecp256k1"
| #define VERSION "0.1"
| #define HAVE_STDIO_H 1
| #define HAVE_STDLIB_H 1
| #define HAVE_STRING_H 1
| #define HAVE_INTTYPES_H 1
| #define HAVE_STDINT_H 1
| #define HAVE_STRINGS_H 1
| #define HAVE_SYS_STAT_H 1
| #define HAVE_SYS_TYPES_H 1
| #define HAVE_UNISTD_H 1
| #define STDC_HEADERS 1
| #define LT_OBJDIR ".libs/"
| /* end confdefs.h.  */
| #include <ac_nonexistent.h>
configure:13237: result: x86_64-w64-mingw32-gcc -E
configure:13251: x86_64-w64-mingw32-gcc -E -I/home/hieusats/crypto/linkcoin/linkcoin/depends/x86_64-w64-mingw32/share/../include/  conftest.c
configure:13251: $? = 0
configure:13266: x86_64-w64-mingw32-gcc -E -I/home/hieusats/crypto/linkcoin/linkcoin/depends/x86_64-w64-mingw32/share/../include/  conftest.c
conftest.c:22:10: fatal error: ac_nonexistent.h: No such file or directory
   22 | #include <ac_nonexistent.h>
      |          ^~~~~~~~~~~~~~~~~~
compilation terminated.
configure:13266: $? = 1
configure: failed program was:
| /* confdefs.h */
| #define PACKAGE_NAME "libsecp256k1"
| #define PACKAGE_TARNAME "libsecp256k1"
| #define PACKAGE_VERSION "0.1"
| #define PACKAGE_STRING "libsecp256k1 0.1"
| #define PACKAGE_BUGREPORT ""
| #define PACKAGE_URL ""
| #define PACKAGE "libsecp256k1"
| #define VERSION "0.1"
| #define HAVE_STDIO_H 1
| #define HAVE_STDLIB_H 1
| #define HAVE_STRING_H 1
| #define HAVE_INTTYPES_H 1
| #define HAVE_STDINT_H 1
| #define HAVE_STRINGS_H 1
| #define HAVE_SYS_STAT_H 1
| #define HAVE_SYS_TYPES_H 1
| #define HAVE_UNISTD_H 1
| #define STDC_HEADERS 1
| #define LT_OBJDIR ".libs/"
| /* end confdefs.h.  */
| #include <ac_nonexistent.h>
configure:13357: checking for gcc
configure:13378: found /usr/bin/gcc
configure:13389: result: gcc
configure:13742: checking for C compiler version
configure:13751: gcc --version >&5
gcc (Ubuntu 11.4.0-1ubuntu1~22.04) 11.4.0
Copyright (C) 2021 Free Software Foundation, Inc.
This is free software; see the source for copying conditions.  There is NO
warranty; not even for MERCHANTABILITY or FITNESS FOR A PARTICULAR PURPOSE.

configure:13762: $? = 0
configure:13751: gcc -v >&5
Using built-in specs.
COLLECT_GCC=gcc
COLLECT_LTO_WRAPPER=/usr/lib/gcc/x86_64-linux-gnu/11/lto-wrapper
OFFLOAD_TARGET_NAMES=nvptx-none:amdgcn-amdhsa
OFFLOAD_TARGET_DEFAULT=1
Target: x86_64-linux-gnu
Configured with: ../src/configure -v --with-pkgversion='Ubuntu 11.4.0-1ubuntu1~22.04' --with-bugurl=file:///usr/share/doc/gcc-11/README.Bugs --enable-languages=c,ada,c++,go,brig,d,fortran,objc,obj-c++,m2 --prefix=/usr --with-gcc-major-version-only --program-suffix=-11 --program-prefix=x86_64-linux-gnu- --enable-shared --enable-linker-build-id --libexecdir=/usr/lib --without-included-gettext --enable-threads=posix --libdir=/usr/lib --enable-nls --enable-bootstrap --enable-clocale=gnu --enable-libstdcxx-debug --enable-libstdcxx-time=yes --with-default-libstdcxx-abi=new --enable-gnu-unique-object --disable-vtable-verify --enable-plugin --enable-default-pie --with-system-zlib --enable-libphobos-checking=release --with-target-system-zlib=auto --enable-objc-gc=auto --enable-multiarch --disable-werror --enable-cet --with-arch-32=i686 --with-abi=m64 --with-multilib-list=m32,m64,mx32 --enable-multilib --with-tune=generic --enable-offload-targets=nvptx-none=/build/gcc-11-XeT9lY/gcc-11-11.4.0/debian/tmp-nvptx/usr,amdgcn-amdhsa=/build/gcc-11-XeT9lY/gcc-11-11.4.0/debian/tmp-gcn/usr --without-cuda-driver --enable-checking=release --build=x86_64-linux-gnu --host=x86_64-linux-gnu --target=x86_64-linux-gnu --with-build-config=bootstrap-lto-lean --enable-link-serialization=2
Thread model: posix
Supported LTO compression algorithms: zlib zstd
gcc version 11.4.0 (Ubuntu 11.4.0-1ubuntu1~22.04) 
... rest of stderr output deleted ...
configure:13762: $? = 0
configure:13751: gcc -V >&5
gcc: error: unrecognized command-line option '-V'
gcc: fatal error: no input files
compilation terminated.
configure:13762: $? = 1
configure:13751: gcc -qversion >&5
gcc: error: unrecognized command-line option '-qversion'; did you mean '--version'?
gcc: fatal error: no input files
compilation terminated.
configure:13762: $? = 1
configure:13751: gcc -version >&5
gcc: error: unrecognized command-line option '-version'
gcc: fatal error: no input files
compilation terminated.
configure:13762: $? = 1
configure:13766: checking whether the compiler supports GNU C
configure:13796: result: yes
configure:13807: checking whether gcc accepts -g
configure:13828: x86_64-w64-mingw32-gcc -c -pipe -O2  -I/home/hieusats/crypto/linkcoin/linkcoin/depends/x86_64-w64-mingw32/share/../include/  conftest.c >&5
configure:13828: $? = 0
configure:13872: result: yes
configure:13892: checking for gcc option to enable C11 features
configure:13925: result: none needed
configure:14041: checking whether gcc understands -c and -o together
configure:14079: result: yes
configure:14098: checking dependency style of gcc
configure:14210: result: gcc3
configure:14230: checking how to run the C preprocessor
configure:14256: x86_64-w64-mingw32-gcc -E -I/home/hieusats/crypto/linkcoin/linkcoin/depends/x86_64-w64-mingw32/share/../include/  conftest.c
configure:14256: $? = 0
configure:14271: x86_64-w64-mingw32-gcc -E -I/home/hieusats/crypto/linkcoin/linkcoin/depends/x86_64-w64-mingw32/share/../include/  conftest.c
conftest.c:22:10: fatal error: ac_nonexistent.h: No such file or directory
   22 | #include <ac_nonexistent.h>
      |          ^~~~~~~~~~~~~~~~~~
compilation terminated.
configure:14271: $? = 1
configure: failed program was:
| /* confdefs.h */
| #define PACKAGE_NAME "libsecp256k1"
| #define PACKAGE_TARNAME "libsecp256k1"
| #define PACKAGE_VERSION "0.1"
| #define PACKAGE_STRING "libsecp256k1 0.1"
| #define PACKAGE_BUGREPORT ""
| #define PACKAGE_URL ""
| #define PACKAGE "libsecp256k1"
| #define VERSION "0.1"
| #define HAVE_STDIO_H 1
| #define HAVE_STDLIB_H 1
| #define HAVE_STRING_H 1
| #define HAVE_INTTYPES_H 1
| #define HAVE_STDINT_H 1
| #define HAVE_STRINGS_H 1
| #define HAVE_SYS_STAT_H 1
| #define HAVE_SYS_TYPES_H 1
| #define HAVE_UNISTD_H 1
| #define STDC_HEADERS 1
| #define LT_OBJDIR ".libs/"
| /* end confdefs.h.  */
| #include <ac_nonexistent.h>
configure:14298: result: gcc -E
configure:14312: x86_64-w64-mingw32-gcc -E -I/home/hieusats/crypto/linkcoin/linkcoin/depends/x86_64-w64-mingw32/share/../include/  conftest.c
configure:14312: $? = 0
configure:14327: x86_64-w64-mingw32-gcc -E -I/home/hieusats/crypto/linkcoin/linkcoin/depends/x86_64-w64-mingw32/share/../include/  conftest.c
conftest.c:22:10: fatal error: ac_nonexistent.h: No such file or directory
   22 | #include <ac_nonexistent.h>
      |          ^~~~~~~~~~~~~~~~~~
compilation terminated.
configure:14327: $? = 1
configure: failed program was:
| /* confdefs.h */
| #define PACKAGE_NAME "libsecp256k1"
| #define PACKAGE_TARNAME "libsecp256k1"
| #define PACKAGE_VERSION "0.1"
| #define PACKAGE_STRING "libsecp256k1 0.1"
| #define PACKAGE_BUGREPORT ""
| #define PACKAGE_URL ""
| #define PACKAGE "libsecp256k1"
| #define VERSION "0.1"
| #define HAVE_STDIO_H 1
| #define HAVE_STDLIB_H 1
| #define HAVE_STRING_H 1
| #define HAVE_INTTYPES_H 1
| #define HAVE_STDINT_H 1
| #define HAVE_STRINGS_H 1
| #define HAVE_SYS_STAT_H 1
| #define HAVE_SYS_TYPES_H 1
| #define HAVE_UNISTD_H 1
| #define STDC_HEADERS 1
| #define LT_OBJDIR ".libs/"
| /* end confdefs.h.  */
| #include <ac_nonexistent.h>
configure:14386: checking dependency style of x86_64-w64-mingw32-gcc
configure:14496: result: gcc3
configure:14632: checking if x86_64-w64-mingw32-gcc supports -std=c89 -pedantic -Wall -Wextra -Wcast-align -Wnested-externs -Wshadow -Wstrict-prototypes -Wno-unused-function -Wno-long-long -Wno-overlength-strings
configure:14638: x86_64-w64-mingw32-gcc -c -pipe -O2  -W -std=c89 -pedantic -Wall -Wextra -Wcast-align -Wnested-externs -Wshadow -Wstrict-prototypes -Wno-unused-function -Wno-long-long -Wno-overlength-strings -I/home/hieusats/crypto/linkcoin/linkcoin/depends/x86_64-w64-mingw32/share/../include/  conftest.c >&5
configure:14638: $? = 0
configure:14640: result: yes
configure:14652: checking if x86_64-w64-mingw32-gcc supports -fvisibility=hidden
configure:14658: x86_64-w64-mingw32-gcc -c -pipe -O2  -W -std=c89 -pedantic -Wall -Wextra -Wcast-align -Wnested-externs -Wshadow -Wstrict-prototypes -Wno-unused-function -Wno-long-long -Wno-overlength-strings -fvisibility=hidden -I/home/hieusats/crypto/linkcoin/linkcoin/depends/x86_64-w64-mingw32/share/../include/  conftest.c >&5
configure:14658: $? = 0
configure:14660: result: yes
configure:14800: checking for __int128
configure:14800: x86_64-w64-mingw32-gcc -c -pipe -O2  -W -std=c89 -pedantic -Wall -Wextra -Wcast-align -Wnested-externs -Wshadow -Wstrict-prototypes -Wno-unused-function -Wno-long-long -Wno-overlength-strings -fvisibility=hidden -I/home/hieusats/crypto/linkcoin/linkcoin/depends/x86_64-w64-mingw32/share/../include/  conftest.c >&5
conftest.c: In function 'main':
conftest.c:53:13: warning: ISO C does not support '__int128' types [-Wpedantic]
   53 | if (sizeof (__int128))
      |             ^~~~~~~~
configure:14800: $? = 0
configure:14800: x86_64-w64-mingw32-gcc -c -pipe -O2  -W -std=c89 -pedantic -Wall -Wextra -Wcast-align -Wnested-externs -Wshadow -Wstrict-prototypes -Wno-unused-function -Wno-long-long -Wno-overlength-strings -fvisibility=hidden -I/home/hieusats/crypto/linkcoin/linkcoin/depends/x86_64-w64-mingw32/share/../include/  conftest.c >&5
conftest.c: In function 'main':
conftest.c:53:14: warning: ISO C does not support '__int128' types [-Wpedantic]
   53 | if (sizeof ((__int128)))
      |              ^~~~~~~~
conftest.c:53:23: error: expected expression before ')' token
   53 | if (sizeof ((__int128)))
      |                       ^
configure:14800: $? = 1
configure: failed program was:
| /* confdefs.h */
| #define PACKAGE_NAME "libsecp256k1"
| #define PACKAGE_TARNAME "libsecp256k1"
| #define PACKAGE_VERSION "0.1"
| #define PACKAGE_STRING "libsecp256k1 0.1"
| #define PACKAGE_BUGREPORT ""
| #define PACKAGE_URL ""
| #define PACKAGE "libsecp256k1"
| #define VERSION "0.1"
| #define HAVE_STDIO_H 1
| #define HAVE_STDLIB_H 1
| #define HAVE_STRING_H 1
| #define HAVE_INTTYPES_H 1
| #define HAVE_STDINT_H 1
| #define HAVE_STRINGS_H 1
| #define HAVE_SYS_STAT_H 1
| #define HAVE_SYS_TYPES_H 1
| #define HAVE_UNISTD_H 1
| #define STDC_HEADERS 1
| #define LT_OBJDIR ".libs/"
| /* end confdefs.h.  */
| #include <stddef.h>
| #ifdef HAVE_STDIO_H
| # include <stdio.h>
| #endif
| #ifdef HAVE_STDLIB_H
| # include <stdlib.h>
| #endif
| #ifdef HAVE_STRING_H
| # include <string.h>
| #endif
| #ifdef HAVE_INTTYPES_H
| # include <inttypes.h>
| #endif
| #ifdef HAVE_STDINT_H
| # include <stdint.h>
| #endif
| #ifdef HAVE_STRINGS_H
| # include <strings.h>
| #endif
| #ifdef HAVE_SYS_TYPES_H
| # include <sys/types.h>
| #endif
| #ifdef HAVE_SYS_STAT_H
| # include <sys/stat.h>
| #endif
| #ifdef HAVE_UNISTD_H
| # include <unistd.h>
| #endif
| int
| main (void)
| {
| if (sizeof ((__int128)))
| 	    return 0;
|   ;
|   return 0;
| }
configure:14800: result: yes
configure:14810: checking for __builtin_expect
configure:14816: x86_64-w64-mingw32-gcc -c -pipe -O2  -W -std=c89 -pedantic -Wall -Wextra -Wcast-align -Wnested-externs -Wshadow -Wstrict-prototypes -Wno-unused-function -Wno-long-long -Wno-overlength-strings -fvisibility=hidden -I/home/hieusats/crypto/linkcoin/linkcoin/depends/x86_64-w64-mingw32/share/../include/  conftest.c >&5
conftest.c:23:6: warning: function declaration isn't a prototype [-Wstrict-prototypes]
   23 | void myfunc() {__builtin_expect(0,0);}
      |      ^~~~~~
conftest.c: In function 'myfunc':
conftest.c:23:16: warning: statement with no effect [-Wunused-value]
   23 | void myfunc() {__builtin_expect(0,0);}
      |                ^~~~~~~~~~~~~~~~
configure:14816: $? = 0
configure:14818: result: yes
configure:14834: checking native compiler: gcc
configure:14850: gcc -o conftest.exe -pipe -O2  -W -std=c89 -pedantic -Wall -Wextra -Wcast-align -Wnested-externs -Wshadow -Wstrict-prototypes -Wno-unused-function -Wno-long-long -Wno-overlength-strings -fvisibility=hidden -I/home/hieusats/crypto/linkcoin/linkcoin/depends/x86_64-w64-mingw32/share/../include/  -L/home/hieusats/crypto/linkcoin/linkcoin/depends/x86_64-w64-mingw32/share/../lib  conftest.c  >&5
configure:14850: $? = 0
configure:14850: ./conftest.exe
configure:14850: $? = 0
configure:14872: result: ok
configure:14882: checking for x86_64 assembly availability
configure:14899: x86_64-w64-mingw32-gcc -c -pipe -O2  -W -std=c89 -pedantic -Wall -Wextra -Wcast-align -Wnested-externs -Wshadow -Wstrict-prototypes -Wno-unused-function -Wno-long-long -Wno-overlength-strings -fvisibility=hidden -I/home/hieusats/crypto/linkcoin/linkcoin/depends/x86_64-w64-mingw32/share/../include/  conftest.c >&5
conftest.c: In function 'main':
conftest.c:31:3: warning: 'tmp' is used uninitialized in this function [-Wuninitialized]
   31 |   __asm__ __volatile__("movq $0x100000000,%1; mulq %%rsi" : "+a"(a) : "S"(tmp) : "cc", "%rdx");
      |   ^~~~~~~
configure:14899: $? = 0
configure:14906: result: yes
configure:15255: checking for libcrypto
configure:15262: $PKG_CONFIG --exists --print-errors "libcrypto"
configure:15265: $? = 0
configure:15279: $PKG_CONFIG --exists --print-errors "libcrypto"
configure:15282: $? = 0
configure:15320: result: yes
configure:15327: checking for main in -lcrypto
configure:15347: x86_64-w64-mingw32-gcc -o conftest.exe -pipe -O2  -W -std=c89 -pedantic -Wall -Wextra -Wcast-align -Wnested-externs -Wshadow -Wstrict-prototypes -Wno-unused-function -Wno-long-long -Wno-overlength-strings -fvisibility=hidden -I/home/hieusats/crypto/linkcoin/linkcoin/depends/x86_64-w64-mingw32/share/../include/  -L/home/hieusats/crypto/linkcoin/linkcoin/depends/x86_64-w64-mingw32/share/../lib  conftest.c -lcrypto   -L/home/hieusats/crypto/linkcoin/linkcoin/depends/x86_64-w64-mingw32/lib -lcrypto -lws2_32 -lgdi32 -lcrypt32 >&5
configure:15347: $? = 0
configure:15357: result: yes
configure:15425: checking for EC functions in libcrypto
configure:15450: x86_64-w64-mingw32-gcc -c -pipe -O2  -W -std=c89 -pedantic -Wall -Wextra -Wcast-align -Wnested-externs -Wshadow -Wstrict-prototypes -Wno-unused-function -Wno-long-long -Wno-overlength-strings -fvisibility=hidden -I/home/hieusats/crypto/linkcoin/linkcoin/depends/x86_64-w64-mingw32/share/../include/  conftest.c >&5
conftest.c: In function 'main':
conftest.c:43:5: warning: ISO C90 forbids mixed declarations and code [-Wdeclaration-after-statement]
   43 |     ECDSA_SIG *sig_openssl;
      |     ^~~~~~~~~
configure:15450: $? = 0
configure:15457: result: yes
configure:15499: checking for javac
configure:15535: result: no
configure:15544: WARNING: cannot find JDK; try setting $JAVAC or $JAVA_HOME
configure:15572: _JTOPDIR=no
configure:15573: _JINC=no/include
configure:15579: checking jni headers
configure:15600: result: none
configure:15639: WARNING: jni headers/dependencies not found. jni support disabled
configure:15679: checking whether byte ordering is bigendian
configure:15695: x86_64-w64-mingw32-gcc -c -pipe -O2  -W -std=c89 -pedantic -Wall -Wextra -Wcast-align -Wnested-externs -Wshadow -Wstrict-prototypes -Wno-unused-function -Wno-long-long -Wno-overlength-strings -fvisibility=hidden -I/home/hieusats/crypto/linkcoin/linkcoin/depends/x86_64-w64-mingw32/share/../include/  conftest.c >&5
conftest.c:35:9: error: unknown type name 'not'
   35 |         not a universal capable compiler
      |         ^~~
conftest.c:35:15: error: expected '=', ',', ';', 'asm' or '__attribute__' before 'universal'
   35 |         not a universal capable compiler
      |               ^~~~~~~~~
conftest.c:35:15: error: unknown type name 'universal'
configure:15695: $? = 1
configure: failed program was:
| /* confdefs.h */
| #define PACKAGE_NAME "libsecp256k1"
| #define PACKAGE_TARNAME "libsecp256k1"
| #define PACKAGE_VERSION "0.1"
| #define PACKAGE_STRING "libsecp256k1 0.1"
| #define PACKAGE_BUGREPORT ""
| #define PACKAGE_URL ""
| #define PACKAGE "libsecp256k1"
| #define VERSION "0.1"
| #define HAVE_STDIO_H 1
| #define HAVE_STDLIB_H 1
| #define HAVE_STRING_H 1
| #define HAVE_INTTYPES_H 1
| #define HAVE_STDINT_H 1
| #define HAVE_STRINGS_H 1
| #define HAVE_SYS_STAT_H 1
| #define HAVE_SYS_TYPES_H 1
| #define HAVE_UNISTD_H 1
| #define STDC_HEADERS 1
| #define LT_OBJDIR ".libs/"
| #define HAVE___INT128 1
| #define HAVE_BUILTIN_EXPECT 1
| #define USE_ASM_X86_64 1
| #define USE_FIELD_5X52 1
| #define USE_NUM_NONE 1
| #define USE_FIELD_INV_BUILTIN 1
| #define USE_SCALAR_INV_BUILTIN 1
| #define USE_SCALAR_4X64 1
| #define HAVE_LIBCRYPTO 1
| #define ENABLE_OPENSSL_TESTS 1
| #define USE_ECMULT_STATIC_PRECOMPUTATION 1
| #define ENABLE_MODULE_RECOVERY 1
| /* end confdefs.h.  */
| #ifndef __APPLE_CC__
| 	       not a universal capable compiler
| 	     #endif
| 	     typedef int dummy;
| 
configure:15741: x86_64-w64-mingw32-gcc -c -pipe -O2  -W -std=c89 -pedantic -Wall -Wextra -Wcast-align -Wnested-externs -Wshadow -Wstrict-prototypes -Wno-unused-function -Wno-long-long -Wno-overlength-strings -fvisibility=hidden -I/home/hieusats/crypto/linkcoin/linkcoin/depends/x86_64-w64-mingw32/share/../include/  conftest.c >&5
configure:15741: $? = 0
configure:15760: x86_64-w64-mingw32-gcc -c -pipe -O2  -W -std=c89 -pedantic -Wall -Wextra -Wcast-align -Wnested-externs -Wshadow -Wstrict-prototypes -Wno-unused-function -Wno-long-long -Wno-overlength-strings -fvisibility=hidden -I/home/hieusats/crypto/linkcoin/linkcoin/depends/x86_64-w64-mingw32/share/../include/  conftest.c >&5
conftest.c: In function 'main':
conftest.c:41:4: error: unknown type name 'not'; did you mean 'ino_t'?
   41 |    not big endian
      |    ^~~
      |    ino_t
conftest.c:41:12: error: expected '=', ',', ';', 'asm' or '__attribute__' before 'endian'
   41 |    not big endian
      |            ^~~~~~
configure:15760: $? = 1
configure: failed program was:
| /* confdefs.h */
| #define PACKAGE_NAME "libsecp256k1"
| #define PACKAGE_TARNAME "libsecp256k1"
| #define PACKAGE_VERSION "0.1"
| #define PACKAGE_STRING "libsecp256k1 0.1"
| #define PACKAGE_BUGREPORT ""
| #define PACKAGE_URL ""
| #define PACKAGE "libsecp256k1"
| #define VERSION "0.1"
| #define HAVE_STDIO_H 1
| #define HAVE_STDLIB_H 1
| #define HAVE_STRING_H 1
| #define HAVE_INTTYPES_H 1
| #define HAVE_STDINT_H 1
| #define HAVE_STRINGS_H 1
| #define HAVE_SYS_STAT_H 1
| #define HAVE_SYS_TYPES_H 1
| #define HAVE_UNISTD_H 1
| #define STDC_HEADERS 1
| #define LT_OBJDIR ".libs/"
| #define HAVE___INT128 1
| #define HAVE_BUILTIN_EXPECT 1
| #define USE_ASM_X86_64 1
| #define USE_FIELD_5X52 1
| #define USE_NUM_NONE 1
| #define USE_FIELD_INV_BUILTIN 1
| #define USE_SCALAR_INV_BUILTIN 1
| #define USE_SCALAR_4X64 1
| #define HAVE_LIBCRYPTO 1
| #define ENABLE_OPENSSL_TESTS 1
| #define USE_ECMULT_STATIC_PRECOMPUTATION 1
| #define ENABLE_MODULE_RECOVERY 1
| /* end confdefs.h.  */
| #include <sys/types.h>
| 		#include <sys/param.h>
| 
| int
| main (void)
| {
| #if BYTE_ORDER != BIG_ENDIAN
| 		 not big endian
| 		#endif
| 
|   ;
|   return 0;
| }
configure:15894: result: no
configure:15919: Using static precomputation: yes
configure:15921: Using assembly optimizations: x86_64
configure:15923: Using field implementation: 64bit
configure:15925: Using bignum implementation: no
configure:15927: Using scalar implementation: 64bit
configure:15929: Using endomorphism optimizations: no
configure:15931: Building ECDH module: no
configure:15933: Building ECDSA pubkey recovery module: yes
configure:15935: Using jni: no
configure:16145: checking that generated files are newer than configure
configure:16151: result: done
configure:16219: creating ./config.status

## ---------------------- ##
## Running config.status. ##
## ---------------------- ##

This file was extended by libsecp256k1 config.status 0.1, which was
generated by GNU Autoconf 2.71.  Invocation command line was

  CONFIG_FILES    = 
  CONFIG_HEADERS  = 
  CONFIG_LINKS    = 
  CONFIG_COMMANDS = 
  $ ./config.status 

on hieusats

config.status:1150: creating Makefile
config.status:1150: creating libsecp256k1.pc
config.status:1150: creating src/libsecp256k1-config.h
config.status:1379: executing depfiles commands
config.status:1456: cd .       && sed -e '/# am--include-marker/d' Makefile         | make -f - am--depfiles
config.status:1461: $? = 0
config.status:1379: executing libtool commands

## ---------------- ##
## Cache variables. ##
## ---------------- ##

ac_cv_build=x86_64-pc-linux-gnu
ac_cv_build_prog_CPP='gcc -E'
ac_cv_build_prog_cc_g=yes
ac_cv_c_bigendian=no
ac_cv_c_compiler_gnu=yes
ac_cv_env_CCASFLAGS_set=
ac_cv_env_CCASFLAGS_value=
ac_cv_env_CCAS_set=
ac_cv_env_CCAS_value=
ac_cv_env_CC_set=
ac_cv_env_CC_value=
ac_cv_env_CFLAGS_set=
ac_cv_env_CFLAGS_value=
ac_cv_env_CPPFLAGS_set=
ac_cv_env_CPPFLAGS_value=
ac_cv_env_CPP_set=
ac_cv_env_CPP_value=
ac_cv_env_CRYPTO_CFLAGS_set=
ac_cv_env_CRYPTO_CFLAGS_value=
ac_cv_env_CRYPTO_LIBS_set=
ac_cv_env_CRYPTO_LIBS_value=
ac_cv_env_LDFLAGS_set=
ac_cv_env_LDFLAGS_value=
ac_cv_env_LIBS_set=
ac_cv_env_LIBS_value=
ac_cv_env_LT_SYS_LIBRARY_PATH_set=
ac_cv_env_LT_SYS_LIBRARY_PATH_value=
ac_cv_env_PKG_CONFIG_LIBDIR_set=
ac_cv_env_PKG_CONFIG_LIBDIR_value=
ac_cv_env_PKG_CONFIG_PATH_set=
ac_cv_env_PKG_CONFIG_PATH_value=
ac_cv_env_PKG_CONFIG_set=
ac_cv_env_PKG_CONFIG_value=
ac_cv_env_build_alias_set=
ac_cv_env_build_alias_value=
ac_cv_env_host_alias_set=
ac_cv_env_host_alias_value=
ac_cv_env_target_alias_set=
ac_cv_env_target_alias_value=
ac_cv_exeext=.exe
ac_cv_header_dlfcn_h=no
ac_cv_header_inttypes_h=yes
ac_cv_header_stdint_h=yes
ac_cv_header_stdio_h=yes
ac_cv_header_stdlib_h=yes
ac_cv_header_string_h=yes
ac_cv_header_strings_h=yes
ac_cv_header_sys_stat_h=yes
ac_cv_header_sys_types_h=yes
ac_cv_header_unistd_h=yes
ac_cv_host=x86_64-w64-mingw32
ac_cv_jni_header_path=none
ac_cv_lib_crypto_main=yes
ac_cv_objext=o
ac_cv_path_AR=/usr/bin/x86_64-w64-mingw32-ar
ac_cv_path_EGREP='/usr/bin/grep -E'
ac_cv_path_FGREP='/usr/bin/grep -F'
ac_cv_path_GREP=/usr/bin/grep
ac_cv_path_PKG_CONFIG='/usr/bin/pkg-config --static'
ac_cv_path_RANLIB=/usr/bin/x86_64-w64-mingw32-ranlib
ac_cv_path_SED=/usr/bin/sed
ac_cv_path_STRIP=/usr/bin/x86_64-w64-mingw32-strip
ac_cv_path__ACJNI_JAVAC=no
ac_cv_path_ac_pt_AR=x86_64-w64-mingw32-ar
ac_cv_path_ac_pt_NM=x86_64-w64-mingw32-nm
ac_cv_path_ac_pt_RANLIB=x86_64-w64-mingw32-ranlib
ac_cv_path_install='/usr/bin/install -c'
ac_cv_path_lt_DD=/usr/bin/dd
ac_cv_path_mkdir=/usr/bin/mkdir
ac_cv_prog_AR=x86_64-w64-mingw32-ar
ac_cv_prog_AWK=mawk
ac_cv_prog_CC=x86_64-w64-mingw32-gcc
ac_cv_prog_CPP='x86_64-w64-mingw32-gcc -E'
ac_cv_prog_DLLTOOL=x86_64-w64-mingw32-dlltool
ac_cv_prog_OBJDUMP=x86_64-w64-mingw32-objdump
ac_cv_prog_RANLIB=x86_64-w64-mingw32-ranlib
ac_cv_prog_STRIP=x86_64-w64-mingw32-strip
ac_cv_prog_ac_ct_CC_FOR_BUILD=gcc
ac_cv_prog_ac_ct_MANIFEST_TOOL=mt
ac_cv_prog_cc_c11=
ac_cv_prog_cc_g=yes
ac_cv_prog_cc_stdc=
ac_cv_prog_make_make_set=yes
ac_cv_type___int128=yes
am_cv_CCAS_dependencies_compiler_type=gcc3
am_cv_CC_dependencies_compiler_type=gcc3
am_cv_make_support_nested_variables=yes
am_cv_prog_cc_c_o=yes
lt_cv_ar_at_file=@
lt_cv_deplibs_check_method='file_magic ^x86 archive import|^x86 DLL'
lt_cv_file_magic_cmd=func_win32_libid
lt_cv_file_magic_test_file=
lt_cv_ld_reload_flag=-r
lt_cv_nm_interface='BSD nm'
lt_cv_objdir=.libs
lt_cv_path_LD=/usr/bin/x86_64-w64-mingw32-ld
lt_cv_path_NM=x86_64-w64-mingw32-nm
lt_cv_path_mainfest_tool=no
lt_cv_prog_compiler_c_o=yes
lt_cv_prog_compiler_pic='-DDLL_EXPORT -DPIC'
lt_cv_prog_compiler_pic_works=yes
lt_cv_prog_compiler_rtti_exceptions=no
lt_cv_prog_compiler_static_works=yes
lt_cv_prog_gnu_ld=yes
lt_cv_sharedlib_from_linklib_cmd=func_cygming_dll_for_implib
lt_cv_sys_global_symbol_pipe='sed -n -e '\''s/^.*[	 ]\([ABCDGIRSTW][ABCDGIRSTW]*\)[	 ][	 ]*\([_A-Za-z][_A-Za-z0-9]*\)$/\1 \2 \2/p'\'' | sed '\''/ __gnu_lto/d'\'''
lt_cv_sys_global_symbol_to_c_name_address='sed -n -e '\''s/^: \(.*\) .*$/  {"\1", (void *) 0},/p'\'' -e '\''s/^[ABCDGIRSTW][ABCDGIRSTW]* .* \(.*\)$/  {"\1", (void *) \&\1},/p'\'''
lt_cv_sys_global_symbol_to_c_name_address_lib_prefix='sed -n -e '\''s/^: \(.*\) .*$/  {"\1", (void *) 0},/p'\'' -e '\''s/^[ABCDGIRSTW][ABCDGIRSTW]* .* \(lib.*\)$/  {"\1", (void *) \&\1},/p'\'' -e '\''s/^[ABCDGIRSTW][ABCDGIRSTW]* .* \(.*\)$/  {"lib\1", (void *) \&\1},/p'\'''
lt_cv_sys_global_symbol_to_cdecl='sed -n -e '\''s/^T .* \(.*\)$/extern int \1();/p'\'' -e '\''s/^[ABCDGIRSTW][ABCDGIRSTW]* .* \(.*\)$/extern char \1;/p'\'''
lt_cv_sys_global_symbol_to_import=
lt_cv_sys_max_cmd_len=1572864
lt_cv_to_host_file_cmd=func_convert_file_nix_to_w32
lt_cv_to_tool_file_cmd=func_convert_file_noop
lt_cv_truncate_bin='/usr/bin/dd bs=4096 count=1'
pkg_cv_CRYPTO_CFLAGS=-I/home/hieusats/crypto/linkcoin/linkcoin/depends/x86_64-w64-mingw32/include
pkg_cv_CRYPTO_LIBS='-L/home/hieusats/crypto/linkcoin/linkcoin/depends/x86_64-w64-mingw32/lib -lcrypto -lws2_32 -lgdi32 -lcrypt32'

## ----------------- ##
## Output variables. ##
## ----------------- ##

ACLOCAL='${SHELL} '\''/home/hieusats/crypto/linkcoin/linkcoin/src/secp256k1/build-aux/missing'\'' aclocal-1.16'
AMDEPBACKSLASH='\'
AMDEP_FALSE='#'
AMDEP_TRUE=''
AMTAR='$${TAR-tar}'
AM_BACKSLASH='\'
AM_DEFAULT_V='$(AM_DEFAULT_VERBOSITY)'
AM_DEFAULT_VERBOSITY='0'
AM_V='$(V)'
AR='/usr/bin/x86_64-w64-mingw32-ar'
AUTOCONF='${SHELL} '\''/home/hieusats/crypto/linkcoin/linkcoin/src/secp256k1/build-aux/missing'\'' autoconf'
AUTOHEADER='${SHELL} '\''/home/hieusats/crypto/linkcoin/linkcoin/src/secp256k1/build-aux/missing'\'' autoheader'
AUTOMAKE='${SHELL} '\''/home/hieusats/crypto/linkcoin/linkcoin/src/secp256k1/build-aux/missing'\'' automake-1.16'
AWK='mawk'
BREW=''
BUILD_EXEEXT=''
BUILD_OBJEXT=''
CC='x86_64-w64-mingw32-gcc'
CCAS='x86_64-w64-mingw32-gcc'
CCASDEPMODE='depmode=gcc3'
CCASFLAGS='-pipe -O2 '
CCDEPMODE='depmode=gcc3'
CC_FOR_BUILD='gcc'
CFLAGS='-pipe -O2  -W -std=c89 -pedantic -Wall -Wextra -Wcast-align -Wnested-externs -Wshadow -Wstrict-prototypes -Wno-unused-function -Wno-long-long -Wno-overlength-strings -fvisibility=hidden'
CFLAGS_FOR_BUILD='-g -O2'
CPP='x86_64-w64-mingw32-gcc -E'
CPPFLAGS='-I/home/hieusats/crypto/linkcoin/linkcoin/depends/x86_64-w64-mingw32/share/../include/ '
CPPFLAGS_FOR_BUILD=''
CPP_FOR_BUILD='gcc -E'
CRYPTO_CFLAGS='-I/home/hieusats/crypto/linkcoin/linkcoin/depends/x86_64-w64-mingw32/include'
CRYPTO_LIBS='-L/home/hieusats/crypto/linkcoin/linkcoin/depends/x86_64-w64-mingw32/lib -lcrypto -lws2_32 -lgdi32 -lcrypt32'
CSCOPE='cscope'
CTAGS='ctags'
CYGPATH_W='echo'
DEFS='-DHAVE_CONFIG_H'
DEPDIR='.deps'
DLLTOOL='x86_64-w64-mingw32-dlltool'
DSYMUTIL=''
DUMPBIN=''
ECHO_C=''
ECHO_N='-n'
ECHO_T=''
EGREP='/usr/bin/grep -E'
ENABLE_MODULE_ECDH_FALSE=''
ENABLE_MODULE_ECDH_TRUE='#'
ENABLE_MODULE_RECOVERY_FALSE='#'
ENABLE_MODULE_RECOVERY_TRUE=''
ETAGS='etags'
EXEEXT='.exe'
FGREP='/usr/bin/grep -F'
GREP='/usr/bin/grep'
INSTALL_DATA='${INSTALL} -m 644'
INSTALL_PROGRAM='${INSTALL}'
INSTALL_SCRIPT='${INSTALL}'
INSTALL_STRIP_PROGRAM='$(install_sh) -c -s'
JNI_INCLUDES=''
LD='/usr/bin/x86_64-w64-mingw32-ld'
LDFLAGS='-L/home/hieusats/crypto/linkcoin/linkcoin/depends/x86_64-w64-mingw32/share/../lib '
LDFLAGS_FOR_BUILD=''
LIBOBJS=''
LIBS=''
LIBTOOL='$(SHELL) $(top_builddir)/libtool'
LIPO=''
LN_S='ln -s'
LTLIBOBJS=''
LT_SYS_LIBRARY_PATH=''
MAKEINFO='${SHELL} '\''/home/hieusats/crypto/linkcoin/linkcoin/src/secp256k1/build-aux/missing'\'' makeinfo'
MANIFEST_TOOL=':'
MKDIR_P='/usr/bin/mkdir -p'
NM='x86_64-w64-mingw32-nm'
NMEDIT=''
OBJDUMP='x86_64-w64-mingw32-objdump'
OBJEXT='o'
OTOOL64=''
OTOOL=''
PACKAGE='libsecp256k1'
PACKAGE_BUGREPORT=''
PACKAGE_NAME='libsecp256k1'
PACKAGE_STRING='libsecp256k1 0.1'
PACKAGE_TARNAME='libsecp256k1'
PACKAGE_URL=''
PACKAGE_VERSION='0.1'
PATH_SEPARATOR=':'
PKG_CONFIG='/usr/bin/pkg-config --static'
PKG_CONFIG_LIBDIR='/home/hieusats/crypto/linkcoin/linkcoin/depends/x86_64-w64-mingw32/share/../lib/pkgconfig'
PKG_CONFIG_PATH='/home/hieusats/crypto/linkcoin/linkcoin/depends/x86_64-w64-mingw32/share/../share/pkgconfig'
PORT=''
RANLIB='/usr/bin/x86_64-w64-mingw32-ranlib'
SECP_INCLUDES=''
SECP_LIBS=''
SECP_TEST_INCLUDES=' -I/home/hieusats/crypto/linkcoin/linkcoin/depends/x86_64-w64-mingw32/include'
SECP_TEST_LIBS='-L/home/hieusats/crypto/linkcoin/linkcoin/depends/x86_64-w64-mingw32/lib -lcrypto -lws2_32 -lgdi32 -lcrypt32 -lgdi32'
SED='/usr/bin/sed'
SET_MAKE=''
SHELL='/bin/bash'
STRIP='/usr/bin/x86_64-w64-mingw32-strip'
USE_ASM_ARM_FALSE=''
USE_ASM_ARM_TRUE='#'
USE_BENCHMARK_FALSE=''
USE_BENCHMARK_TRUE='#'
USE_ECMULT_STATIC_PRECOMPUTATION_FALSE='#'
USE_ECMULT_STATIC_PRECOMPUTATION_TRUE=''
USE_EXHAUSTIVE_TESTS_FALSE='#'
USE_EXHAUSTIVE_TESTS_TRUE=''
USE_EXTERNAL_ASM_FALSE=''
USE_EXTERNAL_ASM_TRUE='#'
USE_JNI_FALSE=''
USE_JNI_TRUE='#'
USE_TESTS_FALSE='#'
USE_TESTS_TRUE=''
VERSION='0.1'
_ACJNI_JAVAC='no'
ac_ct_AR=''
ac_ct_CC=''
ac_ct_CC_FOR_BUILD='gcc'
ac_ct_DUMPBIN=''
am__EXEEXT_FALSE='#'
am__EXEEXT_TRUE=''
am__fastdepCCAS_FALSE='#'
am__fastdepCCAS_TRUE=''
am__fastdepCC_FALSE='#'
am__fastdepCC_TRUE=''
am__include='include'
am__isrc=''
am__leading_dot='.'
am__nodep='_no'
am__quote=''
am__tar='$${TAR-tar} chof - "$$tardir"'
am__untar='$${TAR-tar} xf -'
bindir='${exec_prefix}/bin'
build='x86_64-pc-linux-gnu'
build_alias=''
build_cpu='x86_64'
build_os='linux-gnu'
build_vendor='pc'
datadir='${datarootdir}'
datarootdir='${prefix}/share'
docdir='${datarootdir}/doc/${PACKAGE_TARNAME}'
dvidir='${docdir}'
exec_prefix='${prefix}'
host='x86_64-w64-mingw32'
host_alias='x86_64-w64-mingw32'
host_cpu='x86_64'
host_os='mingw32'
host_vendor='w64'
htmldir='${docdir}'
includedir='${prefix}/include'
infodir='${datarootdir}/info'
install_sh='${SHELL} /home/hieusats/crypto/linkcoin/linkcoin/src/secp256k1/build-aux/install-sh'
libdir='${exec_prefix}/lib'
libexecdir='${exec_prefix}/libexec'
localedir='${datarootdir}/locale'
localstatedir='${prefix}/var'
mandir='${datarootdir}/man'
mkdir_p='$(MKDIR_P)'
oldincludedir='/usr/include'
pdfdir='${docdir}'
prefix='/'
program_transform_name='s,x,x,'
psdir='${docdir}'
runstatedir='${localstatedir}/run'
sbindir='${exec_prefix}/sbin'
sharedstatedir='${prefix}/com'
sysconfdir='${prefix}/etc'
target_alias=''

## ----------- ##
## confdefs.h. ##
## ----------- ##

/* confdefs.h */
#define PACKAGE_NAME "libsecp256k1"
#define PACKAGE_TARNAME "libsecp256k1"
#define PACKAGE_VERSION "0.1"
#define PACKAGE_STRING "libsecp256k1 0.1"
#define PACKAGE_BUGREPORT ""
#define PACKAGE_URL ""
#define PACKAGE "libsecp256k1"
#define VERSION "0.1"
#define HAVE_STDIO_H 1
#define HAVE_STDLIB_H 1
#define HAVE_STRING_H 1
#define HAVE_INTTYPES_H 1
#define HAVE_STDINT_H 1
#define HAVE_STRINGS_H 1
#define HAVE_SYS_STAT_H 1
#define HAVE_SYS_TYPES_H 1
#define HAVE_UNISTD_H 1
#define STDC_HEADERS 1
#define LT_OBJDIR ".libs/"
#define HAVE___INT128 1
#define HAVE_BUILTIN_EXPECT 1
#define USE_ASM_X86_64 1
#define USE_FIELD_5X52 1
#define USE_NUM_NONE 1
#define USE_FIELD_INV_BUILTIN 1
#define USE_SCALAR_INV_BUILTIN 1
#define USE_SCALAR_4X64 1
#define HAVE_LIBCRYPTO 1
#define ENABLE_OPENSSL_TESTS 1
#define USE_ECMULT_STATIC_PRECOMPUTATION 1
#define ENABLE_MODULE_RECOVERY 1

configure: exit 0
